#
# There is insufficient memory for the Java Runtime Environment to continue.
# Native memory allocation (mmap) failed to map 135266304 bytes for committing reserved memory.
# Possible reasons:
#   The system is out of physical RAM or swap space
#   In 32 bit mode, the process size limit was hit
# Possible solutions:
#   Reduce memory load on the system
#   Increase physical memory or swap space
#   Check if swap backing store is full
#   Use 64 bit Java on a 64 bit OS
#   Decrease Java heap size (-Xmx/-Xms)
#   Decrease number of Java threads
#   Decrease Java thread stack sizes (-Xss)
#   Set larger code cache with -XX:ReservedCodeCacheSize=
# This output file may be truncated or incomplete.
#
#  Out of Memory Error (os_linux.cpp:2640), pid=17183, tid=0x00007fade0dfd700
#
# JRE version: OpenJDK Runtime Environment (8.0_152-b01) (build 1.8.0_152-release-915-b01)
# Java VM: OpenJDK 64-Bit Server VM (25.152-b01 mixed mode linux-amd64 compressed oops)
# Failed to write core dump. Core dumps have been disabled. To enable core dumping, try "ulimit -c unlimited" before starting Java again
#

---------------  T H R E A D  ---------------

Current thread (0x00007fadf0079000):  VMThread [stack: 0x00007fade0cfd000,0x00007fade0dfe000] [id=17192]

Stack: [0x00007fade0cfd000,0x00007fade0dfe000],  sp=0x00007fade0dfc470,  free space=1021k
Native frames: (J=compiled Java code, j=interpreted, Vv=VM code, C=native code)
V  [libjvm.so+0x9eb15d]  VMError::report_and_die()+0x15d
V  [libjvm.so+0x4b8eaa]  report_vm_out_of_memory(char const*, int, unsigned long, VMErrorType, char const*)+0x8a
V  [libjvm.so+0x851370]  os::pd_commit_memory(char*, unsigned long, unsigned long, bool)+0xf0
V  [libjvm.so+0x84be8f]  os::commit_memory(char*, unsigned long, unsigned long, bool)+0x1f
V  [libjvm.so+0x8c261b]  PSVirtualSpace::expand_by(unsigned long)+0x5b
V  [libjvm.so+0x8c3290]  PSYoungGen::resize_generation(unsigned long, unsigned long)+0xb0
V  [libjvm.so+0x8c35ab]  PSYoungGen::resize(unsigned long, unsigned long)+0x1b
V  [libjvm.so+0x8bfc9c]  PSScavenge::invoke_no_policy()+0xdac
V  [libjvm.so+0x8c0478]  PSScavenge::invoke()+0x38
V  [libjvm.so+0x8748f3]  ParallelScavengeHeap::failed_mem_allocate(unsigned long)+0x63
V  [libjvm.so+0x9ecc84]  VM_ParallelGCFailedAllocation::doit()+0x84
V  [libjvm.so+0x9f1197]  VM_Operation::evaluate()+0x47
V  [libjvm.so+0x9efb78]  VMThread::evaluate_operation(VM_Operation*)+0x2c8
V  [libjvm.so+0x9efff9]  VMThread::loop()+0x219
V  [libjvm.so+0x9f0442]  VMThread::run()+0x72
V  [libjvm.so+0x84e792]  java_start(Thread*)+0xf2

VM_Operation (0x00007fadd06e9150): ParallelGCFailedAllocation, mode: safepoint, requested by thread 0x00007fad9400a800


---------------  P R O C E S S  ---------------

Java Threads: ( => current thread )
  0x00007fad9021b800 JavaThread "Memory manager" [_thread_blocked, id=17234, stack(0x00007fad8215d000,0x00007fad8225e000)]
  0x00007fad9085a000 JavaThread "build operations Thread 4" [_thread_blocked, id=17233, stack(0x00007fad82a3d000,0x00007fad82b3e000)]
  0x00007fad90848000 JavaThread "build operations Thread 3" [_thread_blocked, id=17232, stack(0x00007fad82b3e000,0x00007fad82c3f000)]
  0x00007fad90847000 JavaThread "build operations Thread 2" [_thread_blocked, id=17231, stack(0x00007fad82c3f000,0x00007fad82d40000)]
  0x00007fad90846000 JavaThread "build operations" [_thread_blocked, id=17230, stack(0x00007fad82d40000,0x00007fad82e41000)]
  0x00007fad90d7a000 JavaThread "Cache worker for Artifact transforms cache (/home/aswany/.gradle/wrapper/dists/gradle-4.1-all/caches/transforms-1)" [_thread_blocked, id=17220, stack(0x00007fad83041000,0x00007fad83142000)]
  0x00007fad90244000 JavaThread "Cache worker for file hash cache (/home/aswany/workspaces/AndroidStudioProjects/inventure/MyAquar-eg/.gradle/4.1/fileHashes)" [_thread_blocked, id=17214, stack(0x00007fad83dfe000,0x00007fad83eff000)]
  0x00007fad9011f000 JavaThread "File lock request listener" [_thread_in_native, id=17213, stack(0x00007fad83eff000,0x00007fad84000000)]
  0x00007fad9010e000 JavaThread "Cache worker for file hash cache (/home/aswany/.gradle/wrapper/dists/gradle-4.1-all/caches/4.1/fileHashes)" [_thread_blocked, id=17212, stack(0x00007fadd00ec000,0x00007fadd01ed000)]
  0x00007fad90010000 JavaThread "Asynchronous log dispatcher for DefaultDaemonConnection: socket connection from /127.0.0.1:33051 to /127.0.0.1:49894" [_thread_blocked, id=17210, stack(0x00007fadd04ee000,0x00007fadd05ef000)]
  0x00007fad9400a800 JavaThread "Daemon worker" [_thread_blocked, id=17207, stack(0x00007fadd05ef000,0x00007fadd06f0000)]
  0x00007fad94008800 JavaThread "Cancel handler" [_thread_blocked, id=17206, stack(0x00007fadd06f0000,0x00007fadd07f1000)]
  0x00007fad94004000 JavaThread "Handler for socket connection from /127.0.0.1:33051 to /127.0.0.1:49894" [_thread_in_native, id=17205, stack(0x00007fadd07f1000,0x00007fadd08f2000)]
  0x00007fad9c046800 JavaThread "Daemon" [_thread_blocked, id=17204, stack(0x00007fadd08f2000,0x00007fadd09f3000)]
  0x00007fadf0c8e800 JavaThread "Daemon periodic checks" [_thread_blocked, id=17203, stack(0x00007fadd09f3000,0x00007fadd0af4000)]
  0x00007fadf0c75000 JavaThread "Incoming local TCP Connector on port 33051" [_thread_in_native, id=17202, stack(0x00007fadd0af4000,0x00007fadd0bf5000)]
  0x00007fadf00c9000 JavaThread "Service Thread" daemon [_thread_blocked, id=17199, stack(0x00007fade0307000,0x00007fade0408000)]
  0x00007fadf00be000 JavaThread "C1 CompilerThread2" daemon [_thread_blocked, id=17198, stack(0x00007fade0408000,0x00007fade0509000)]
  0x00007fadf00bc000 JavaThread "C2 CompilerThread1" daemon [_thread_blocked, id=17197, stack(0x00007fade0509000,0x00007fade060a000)]
  0x00007fadf00b9000 JavaThread "C2 CompilerThread0" daemon [_thread_blocked, id=17196, stack(0x00007fade060a000,0x00007fade070b000)]
  0x00007fadf00b8000 JavaThread "Signal Dispatcher" daemon [_thread_blocked, id=17195, stack(0x00007fade070b000,0x00007fade080c000)]
  0x00007fadf0085000 JavaThread "Finalizer" daemon [_thread_blocked, id=17194, stack(0x00007fade0afb000,0x00007fade0bfc000)]
  0x00007fadf0080800 JavaThread "Reference Handler" daemon [_thread_blocked, id=17193, stack(0x00007fade0bfc000,0x00007fade0cfd000)]
  0x00007fadf000b000 JavaThread "main" [_thread_blocked, id=17187, stack(0x00007fadf969d000,0x00007fadf979e000)]

Other Threads:
=>0x00007fadf0079000 VMThread [stack: 0x00007fade0cfd000,0x00007fade0dfe000] [id=17192]
  0x00007fadf00cb800 WatcherThread [stack: 0x00007fade0206000,0x00007fade0307000] [id=17200]

VM state:at safepoint (normal execution)

VM Mutex/Monitor currently owned by a thread:  ([mutex/lock_event])
[0x00007fadf0007c20] Threads_lock - owner thread: 0x00007fadf0079000
[0x00007fadf0008120] Heap_lock - owner thread: 0x00007fad9400a800

Heap:
 PSYoungGen      total 217088K, used 13795K [0x00000000e0000000, 0x00000000ee480000, 0x0000000100000000)
  eden space 203264K, 0% used [0x00000000e0000000,0x00000000e0000000,0x00000000ec680000)
  from space 13824K, 99% used [0x00000000ec980000,0x00000000ed6f8df0,0x00000000ed700000)
  to   space 9728K, 0% used [0x00000000edb00000,0x00000000edb00000,0x00000000ee480000)
 ParOldGen       total 79360K, used 21071K [0x00000000a0000000, 0x00000000a4d80000, 0x00000000e0000000)
  object space 79360K, 26% used [0x00000000a0000000,0x00000000a1493eb0,0x00000000a4d80000)
 Metaspace       used 47477K, capacity 48584K, committed 48728K, reserved 1091584K
  class space    used 6334K, capacity 6683K, committed 6784K, reserved 1048576K

Card table byte_map: [0x00007fadf61c3000,0x00007fadf64c4000] byte_map_base: 0x00007fadf5cc3000

Marking Bits: (ParMarkBitMap*) 0x00007fadf8b553e0
 Begin Bits: [0x00007fadd9000000, 0x00007fadda800000)
 End Bits:   [0x00007fadda800000, 0x00007faddc000000)

Polling page: 0x00007fadf97c2000

CodeCache: size=245760Kb used=17226Kb max_used=17226Kb free=228533Kb
 bounds [0x00007fade1000000, 0x00007fade20f0000, 0x00007fadf0000000]
 total_blobs=5683 nmethods=4948 adapters=648
 compilation: enabled

Compilation events (10 events):
Event: 135.337 Thread 0x00007fadf00be000 5433       3       org.gradle.api.internal.DefaultNamedDomainObjectCollection::hasWithName (14 bytes)
Event: 135.337 Thread 0x00007fadf00be000 nmethod 5433 0x00007fade20b1b90 code [0x00007fade20b1d00, 0x00007fade20b2048]
Event: 135.337 Thread 0x00007fadf00be000 5435       3       com.google.common.collect.ImmutableSet$Builder::<init> (6 bytes)
Event: 135.337 Thread 0x00007fadf00be000 nmethod 5435 0x00007fade20e0ad0 code [0x00007fade20e0c60, 0x00007fade20e1028]
Event: 135.337 Thread 0x00007fadf00be000 5436       3       com.google.common.collect.ImmutableSet$Builder::<init> (6 bytes)
Event: 135.337 Thread 0x00007fadf00be000 nmethod 5436 0x00007fade20e1210 code [0x00007fade20e13a0, 0x00007fade20e1708]
Event: 135.337 Thread 0x00007fadf00be000 5434       3       java.util.ArrayDeque::addFirst (53 bytes)
Event: 135.338 Thread 0x00007fadf00be000 nmethod 5434 0x00007fade20e1890 code [0x00007fade20e1a20, 0x00007fade20e1e38]
Event: 136.487 Thread 0x00007fadf00be000 5437       3       java.util.concurrent.TimeUnit$1::convert (6 bytes)
Event: 137.719 Thread 0x00007fadf00be000 nmethod 5437 0x00007fade20e1fd0 code [0x00007fade20e2140, 0x00007fade20e2368]

GC Heap History (10 events):
Event: 7.530 GC heap after
Heap after GC invocations=4 (full 0):
 PSYoungGen      total 132096K, used 5104K [0x00000000e0000000, 0x00000000e8600000, 0x0000000100000000)
  eden space 126976K, 0% used [0x00000000e0000000,0x00000000e0000000,0x00000000e7c00000)
  from space 5120K, 99% used [0x00000000e8100000,0x00000000e85fc000,0x00000000e8600000)
  to   space 5120K, 0% used [0x00000000e7c00000,0x00000000e7c00000,0x00000000e8100000)
 ParOldGen       total 84992K, used 9805K [0x00000000a0000000, 0x00000000a5300000, 0x00000000e0000000)
  object space 84992K, 11% used [0x00000000a0000000,0x00000000a0993630,0x00000000a5300000)
 Metaspace       used 20756K, capacity 21096K, committed 21248K, reserved 1067008K
  class space    used 2866K, capacity 3018K, committed 3072K, reserved 1048576K
}
Event: 7.530 GC heap before
{Heap before GC invocations=5 (full 1):
 PSYoungGen      total 132096K, used 5104K [0x00000000e0000000, 0x00000000e8600000, 0x0000000100000000)
  eden space 126976K, 0% used [0x00000000e0000000,0x00000000e0000000,0x00000000e7c00000)
  from space 5120K, 99% used [0x00000000e8100000,0x00000000e85fc000,0x00000000e8600000)
  to   space 5120K, 0% used [0x00000000e7c00000,0x00000000e7c00000,0x00000000e8100000)
 ParOldGen       total 84992K, used 9805K [0x00000000a0000000, 0x00000000a5300000, 0x00000000e0000000)
  object space 84992K, 11% used [0x00000000a0000000,0x00000000a0993630,0x00000000a5300000)
 Metaspace       used 20756K, capacity 21096K, committed 21248K, reserved 1067008K
  class space    used 2866K, capacity 3018K, committed 3072K, reserved 1048576K
Event: 7.645 GC heap after
Heap after GC invocations=5 (full 1):
 PSYoungGen      total 132096K, used 0K [0x00000000e0000000, 0x00000000e8600000, 0x0000000100000000)
  eden space 126976K, 0% used [0x00000000e0000000,0x00000000e0000000,0x00000000e7c00000)
  from space 5120K, 0% used [0x00000000e8100000,0x00000000e8100000,0x00000000e8600000)
  to   space 5120K, 0% used [0x00000000e7c00000,0x00000000e7c00000,0x00000000e8100000)
 ParOldGen       total 56832K, used 8219K [0x00000000a0000000, 0x00000000a3780000, 0x00000000e0000000)
  object space 56832K, 14% used [0x00000000a0000000,0x00000000a0806ed0,0x00000000a3780000)
 Metaspace       used 20756K, capacity 21096K, committed 21248K, reserved 1067008K
  class space    used 2866K, capacity 3018K, committed 3072K, reserved 1048576K
}
Event: 12.264 GC heap before
{Heap before GC invocations=6 (full 1):
 PSYoungGen      total 132096K, used 126976K [0x00000000e0000000, 0x00000000e8600000, 0x0000000100000000)
  eden space 126976K, 100% used [0x00000000e0000000,0x00000000e7c00000,0x00000000e7c00000)
  from space 5120K, 0% used [0x00000000e8100000,0x00000000e8100000,0x00000000e8600000)
  to   space 5120K, 0% used [0x00000000e7c00000,0x00000000e7c00000,0x00000000e8100000)
 ParOldGen       total 56832K, used 8219K [0x00000000a0000000, 0x00000000a3780000, 0x00000000e0000000)
  object space 56832K, 14% used [0x00000000a0000000,0x00000000a0806ed0,0x00000000a3780000)
 Metaspace       used 29658K, capacity 30116K, committed 30336K, reserved 1075200K
  class space    used 4040K, capacity 4201K, committed 4224K, reserved 1048576K
Event: 12.319 GC heap after
Heap after GC invocations=6 (full 1):
 PSYoungGen      total 132096K, used 5089K [0x00000000e0000000, 0x00000000ee880000, 0x0000000100000000)
  eden space 126976K, 0% used [0x00000000e0000000,0x00000000e0000000,0x00000000e7c00000)
  from space 5120K, 99% used [0x00000000e7c00000,0x00000000e80f87f8,0x00000000e8100000)
  to   space 13824K, 0% used [0x00000000edb00000,0x00000000edb00000,0x00000000ee880000)
 ParOldGen       total 56832K, used 13668K [0x00000000a0000000, 0x00000000a3780000, 0x00000000e0000000)
  object space 56832K, 24% used [0x00000000a0000000,0x00000000a0d59180,0x00000000a3780000)
 Metaspace       used 29658K, capacity 30116K, committed 30336K, reserved 1075200K
  class space    used 4040K, capacity 4201K, committed 4224K, reserved 1048576K
}
Event: 20.097 GC heap before
{Heap before GC invocations=7 (full 1):
 PSYoungGen      total 132096K, used 61341K [0x00000000e0000000, 0x00000000ee880000, 0x0000000100000000)
  eden space 126976K, 44% used [0x00000000e0000000,0x00000000e36eef20,0x00000000e7c00000)
  from space 5120K, 99% used [0x00000000e7c00000,0x00000000e80f87f8,0x00000000e8100000)
  to   space 13824K, 0% used [0x00000000edb00000,0x00000000edb00000,0x00000000ee880000)
 ParOldGen       total 56832K, used 13668K [0x00000000a0000000, 0x00000000a3780000, 0x00000000e0000000)
  object space 56832K, 24% used [0x00000000a0000000,0x00000000a0d59180,0x00000000a3780000)
 Metaspace       used 34643K, capacity 35154K, committed 35416K, reserved 1079296K
  class space    used 4707K, capacity 4909K, committed 4992K, reserved 1048576K
Event: 20.210 GC heap after
Heap after GC invocations=7 (full 1):
 PSYoungGen      total 212992K, used 9630K [0x00000000e0000000, 0x00000000ee480000, 0x0000000100000000)
  eden space 203264K, 0% used [0x00000000e0000000,0x00000000e0000000,0x00000000ec680000)
  from space 9728K, 98% used [0x00000000edb00000,0x00000000ee4678a8,0x00000000ee480000)
  to   space 13824K, 0% used [0x00000000ec980000,0x00000000ec980000,0x00000000ed700000)
 ParOldGen       total 56832K, used 13740K [0x00000000a0000000, 0x00000000a3780000, 0x00000000e0000000)
  object space 56832K, 24% used [0x00000000a0000000,0x00000000a0d6b190,0x00000000a3780000)
 Metaspace       used 34643K, capacity 35154K, committed 35416K, reserved 1079296K
  class space    used 4707K, capacity 4909K, committed 4992K, reserved 1048576K
}
Event: 20.210 GC heap before
{Heap before GC invocations=8 (full 2):
 PSYoungGen      total 212992K, used 9630K [0x00000000e0000000, 0x00000000ee480000, 0x0000000100000000)
  eden space 203264K, 0% used [0x00000000e0000000,0x00000000e0000000,0x00000000ec680000)
  from space 9728K, 98% used [0x00000000edb00000,0x00000000ee4678a8,0x00000000ee480000)
  to   space 13824K, 0% used [0x00000000ec980000,0x00000000ec980000,0x00000000ed700000)
 ParOldGen       total 56832K, used 13740K [0x00000000a0000000, 0x00000000a3780000, 0x00000000e0000000)
  object space 56832K, 24% used [0x00000000a0000000,0x00000000a0d6b190,0x00000000a3780000)
 Metaspace       used 34643K, capacity 35154K, committed 35416K, reserved 1079296K
  class space    used 4707K, capacity 4909K, committed 4992K, reserved 1048576K
Event: 20.279 GC heap after
Heap after GC invocations=8 (full 2):
 PSYoungGen      total 212992K, used 0K [0x00000000e0000000, 0x00000000ee480000, 0x0000000100000000)
  eden space 203264K, 0% used [0x00000000e0000000,0x00000000e0000000,0x00000000ec680000)
  from space 9728K, 0% used [0x00000000edb00000,0x00000000edb00000,0x00000000ee480000)
  to   space 13824K, 0% used [0x00000000ec980000,0x00000000ec980000,0x00000000ed700000)
 ParOldGen       total 79360K, used 16602K [0x00000000a0000000, 0x00000000a4d80000, 0x00000000e0000000)
  object space 79360K, 20% used [0x00000000a0000000,0x00000000a1036840,0x00000000a4d80000)
 Metaspace       used 34643K, capacity 35154K, committed 35416K, reserved 1079296K
  class space    used 4707K, capacity 4909K, committed 4992K, reserved 1048576K
}
Event: 137.856 GC heap before
{Heap before GC invocations=9 (full 2):
 PSYoungGen      total 212992K, used 203264K [0x00000000e0000000, 0x00000000ee480000, 0x0000000100000000)
  eden space 203264K, 100% used [0x00000000e0000000,0x00000000ec680000,0x00000000ec680000)
  from space 9728K, 0% used [0x00000000edb00000,0x00000000edb00000,0x00000000ee480000)
  to   space 13824K, 0% used [0x00000000ec980000,0x00000000ec980000,0x00000000ed700000)
 ParOldGen       total 79360K, used 16602K [0x00000000a0000000, 0x00000000a4d80000, 0x00000000e0000000)
  object space 79360K, 20% used [0x00000000a0000000,0x00000000a1036840,0x00000000a4d80000)
 Metaspace       used 47477K, capacity 48584K, committed 48728K, reserved 1091584K
  class space    used 6334K, capacity 6683K, committed 6784K, reserved 1048576K

Deoptimization events (10 events):
Event: 24.981 Thread 0x00007fad9400a800 Uncommon trap: reason=class_check action=maybe_recompile pc=0x00007fade1ec002c method=java.util.regex.Matcher.search(I)Z @ 86
Event: 25.006 Thread 0x00007fad9400a800 Uncommon trap: reason=bimorphic action=maybe_recompile pc=0x00007fade1db8874 method=java.util.regex.Pattern$Branch.match(Ljava/util/regex/Matcher;ILjava/lang/CharSequence;)Z @ 32
Event: 25.023 Thread 0x00007fad9400a800 Uncommon trap: reason=bimorphic action=maybe_recompile pc=0x00007fade1db8874 method=java.util.regex.Pattern$Branch.match(Ljava/util/regex/Matcher;ILjava/lang/CharSequence;)Z @ 32
Event: 25.192 Thread 0x00007fad9400a800 Uncommon trap: reason=class_check action=maybe_recompile pc=0x00007fade1ec002c method=java.util.regex.Matcher.search(I)Z @ 86
Event: 25.192 Thread 0x00007fad9400a800 Uncommon trap: reason=class_check action=maybe_recompile pc=0x00007fade1ec002c method=java.util.regex.Matcher.search(I)Z @ 86
Event: 25.192 Thread 0x00007fad9400a800 Uncommon trap: reason=class_check action=maybe_recompile pc=0x00007fade1ec002c method=java.util.regex.Matcher.search(I)Z @ 86
Event: 25.192 Thread 0x00007fad9400a800 Uncommon trap: reason=class_check action=maybe_recompile pc=0x00007fade1937fbc method=java.util.regex.Matcher.search(I)Z @ 86
Event: 25.312 Thread 0x00007fad9400a800 Uncommon trap: reason=unstable_if action=reinterpret pc=0x00007fade1ec061c method=java.util.regex.Pattern$BitClass.isSatisfiedBy(I)Z @ 4
Event: 25.312 Thread 0x00007fad9400a800 Uncommon trap: reason=unstable_if action=reinterpret pc=0x00007fade1e9cb90 method=java.util.regex.Pattern$Ctype.isSatisfiedBy(I)Z @ 4
Event: 48.210 Thread 0x00007fad9400a800 Uncommon trap: reason=null_check action=make_not_entrant pc=0x00007fade1eedb30 method=java.lang.ThreadLocal$ThreadLocalMap.getEntryAfterMiss(Ljava/lang/ThreadLocal;ILjava/lang/ThreadLocal$ThreadLocalMap$Entry;)Ljava/lang/ThreadLocal$ThreadLocalMap$Entry; 

Classes redefined (0 events):
No events

Internal exceptions (10 events):
Event: 101.420 Thread 0x00007fad9021b800 Exception <a 'java/io/IOException'> (0x00000000ec234968) thrown at [/ssd/Android/AOSP-openjdk-git/jdk8u/hotspot/src/share/vm/prims/jni.cpp, line 709]
Event: 106.407 Thread 0x00007fad9021b800 Exception <a 'java/io/IOException'> (0x00000000ec23d210) thrown at [/ssd/Android/AOSP-openjdk-git/jdk8u/hotspot/src/share/vm/prims/jni.cpp, line 709]
Event: 111.363 Thread 0x00007fad9021b800 Exception <a 'java/io/IOException'> (0x00000000ec245ab8) thrown at [/ssd/Android/AOSP-openjdk-git/jdk8u/hotspot/src/share/vm/prims/jni.cpp, line 709]
Event: 116.811 Thread 0x00007fad9021b800 Exception <a 'java/io/IOException'> (0x00000000ec24e360) thrown at [/ssd/Android/AOSP-openjdk-git/jdk8u/hotspot/src/share/vm/prims/jni.cpp, line 709]
Event: 122.213 Thread 0x00007fad9021b800 Exception <a 'java/io/IOException'> (0x00000000ec256c08) thrown at [/ssd/Android/AOSP-openjdk-git/jdk8u/hotspot/src/share/vm/prims/jni.cpp, line 709]
Event: 123.490 Thread 0x00007fad9400a800 Exception <a 'java/lang/ClassNotFoundException': org/gradle/api/plugins/BasePluginConventionBeanInfo> (0x00000000ec4838a8) thrown at [/ssd/Android/AOSP-openjdk-git/jdk8u/hotspot/src/share/vm/classfile/systemDictionary.cpp, line 210]
Event: 123.490 Thread 0x00007fad9400a800 Exception <a 'java/lang/ClassNotFoundException': org/gradle/api/plugins/BasePluginConventionCustomizer> (0x00000000ec4a31a8) thrown at [/ssd/Android/AOSP-openjdk-git/jdk8u/hotspot/src/share/vm/classfile/systemDictionary.cpp, line 210]
Event: 126.389 Thread 0x00007fad9021b800 Exception <a 'java/io/IOException'> (0x00000000ec25f4b0) thrown at [/ssd/Android/AOSP-openjdk-git/jdk8u/hotspot/src/share/vm/prims/jni.cpp, line 709]
Event: 131.379 Thread 0x00007fad9021b800 Exception <a 'java/io/IOException'> (0x00000000ec267d58) thrown at [/ssd/Android/AOSP-openjdk-git/jdk8u/hotspot/src/share/vm/prims/jni.cpp, line 709]
Event: 136.488 Thread 0x00007fad9021b800 Exception <a 'java/io/IOException'> (0x00000000ec270600) thrown at [/ssd/Android/AOSP-openjdk-git/jdk8u/hotspot/src/share/vm/prims/jni.cpp, line 709]

Events (10 events):
Event: 135.460 loading class com/android/build/gradle/internal/TaskFactory done
Event: 135.461 loading class com/android/build/gradle/internal/VariantManager
Event: 135.461 loading class com/android/build/gradle/internal/VariantManager done
Event: 135.795 loading class com/android/build/gradle/internal/tasks/MockableAndroidJarTask$ConfigAction
Event: 135.795 loading class com/android/build/gradle/internal/tasks/MockableAndroidJarTask$ConfigAction done
Event: 137.713 loading class com/android/build/gradle/internal/tasks/MockableAndroidJarTask
Event: 137.713 loading class com/android/build/gradle/internal/tasks/MockableAndroidJarTask done
Event: 137.813 loading class org/gradle/api/tasks/CacheableTask
Event: 137.813 loading class org/gradle/api/tasks/CacheableTask done
Event: 137.849 Executing VM operation: ParallelGCFailedAllocation


Dynamic libraries:
00400000-00401000 r-xp 00000000 08:07 3154867                            /opt/android-studio/jre/bin/java
00600000-00601000 r--p 00000000 08:07 3154867                            /opt/android-studio/jre/bin/java
00601000-00602000 rw-p 00001000 08:07 3154867                            /opt/android-studio/jre/bin/java
0095f000-00980000 rw-p 00000000 00:00 0                                  [heap]
a0000000-a4d80000 rw-p 00000000 00:00 0 
a4d80000-e0000000 ---p 00000000 00:00 0 
e0000000-ee480000 rw-p 00000000 00:00 0 
f6580000-100000000 ---p 00000000 00:00 0 
100000000-1006a0000 rw-p 00000000 00:00 0 
1006a0000-140000000 ---p 00000000 00:00 0 
7fad58000000-7fad58021000 rw-p 00000000 00:00 0 
7fad58021000-7fad5c000000 ---p 00000000 00:00 0 
7fad60000000-7fad60021000 rw-p 00000000 00:00 0 
7fad60021000-7fad64000000 ---p 00000000 00:00 0 
7fad64000000-7fad64021000 rw-p 00000000 00:00 0 
7fad64021000-7fad68000000 ---p 00000000 00:00 0 
7fad68000000-7fad68021000 rw-p 00000000 00:00 0 
7fad68021000-7fad6c000000 ---p 00000000 00:00 0 
7fad6c000000-7fad6c021000 rw-p 00000000 00:00 0 
7fad6c021000-7fad70000000 ---p 00000000 00:00 0 
7fad70000000-7fad70021000 rw-p 00000000 00:00 0 
7fad70021000-7fad74000000 ---p 00000000 00:00 0 
7fad74000000-7fad74021000 rw-p 00000000 00:00 0 
7fad74021000-7fad78000000 ---p 00000000 00:00 0 
7fad78000000-7fad78021000 rw-p 00000000 00:00 0 
7fad78021000-7fad7c000000 ---p 00000000 00:00 0 
7fad7c000000-7fad7c026000 rw-p 00000000 00:00 0 
7fad7c026000-7fad80000000 ---p 00000000 00:00 0 
7fad81748000-7fad81848000 rw-p 00000000 00:00 0 
7fad81848000-7fad81948000 ---p 00000000 00:00 0 
7fad81948000-7fad81b48000 rw-p 00000000 00:00 0 
7fad81b48000-7fad81b5a000 r--s 00345000 08:07 3154714                    /opt/android-studio/jre/jre/lib/resources.jar
7fad81b5a000-7fad81d5a000 rw-p 00000000 00:00 0 
7fad81d5a000-7fad81f5a000 rw-p 00000000 00:00 0 
7fad81f5a000-7fad81f5d000 r--s 00015000 08:07 3154718                    /opt/android-studio/jre/jre/lib/jce.jar
7fad81f5d000-7fad8215d000 rw-p 00000000 00:00 0 
7fad8215d000-7fad82160000 ---p 00000000 00:00 0 
7fad82160000-7fad8245e000 rw-p 00000000 00:00 0 
7fad8245e000-7fad82654000 rw-p 00000000 00:00 0 
7fad82654000-7fad8265e000 ---p 00000000 00:00 0 
7fad8265e000-7fad82669000 r--s 00081000 00:36 1981471                    /home/aswany/.gradle/wrapper/dists/gradle-4.1-all/caches/jars-3/fc6e889a0f45cc9752787eb60f920103/trove4j-20160824.jar
7fad82669000-7fad826ec000 r--s 00758000 00:36 1981470                    /home/aswany/.gradle/wrapper/dists/gradle-4.1-all/caches/jars-3/0d3de44a8474017418d71d8887a5e944/intellij-core-26.0.0.jar
7fad826ec000-7fad826f2000 r--s 00033000 00:36 1981469                    /home/aswany/.gradle/wrapper/dists/gradle-4.1-all/caches/jars-3/f96c897d327ea500d64fe3af2833bd50/commons-codec-1.6.jar
7fad826f2000-7fad826f4000 r--s 0000d000 00:36 1981468                    /home/aswany/.gradle/wrapper/dists/gradle-4.1-all/caches/jars-3/ccc849edcf9fccd61ed937bf93ffe896/commons-logging-1.1.1.jar
7fad826f4000-7fad826fa000 r--s 00032000 00:36 1981467                    /home/aswany/.gradle/wrapper/dists/gradle-4.1-all/caches/jars-3/72e344059d1923829968d0d38b0c3c72/httpcore-4.2.5.jar
7fad826fa000-7fad826fb000 r--s 00004000 00:36 1981466                    /home/aswany/.gradle/wrapper/dists/gradle-4.1-all/caches/jars-3/3a4299d1ce3e273e7c03a9ccf5a1e333/annotations-12.0.jar
7fad826fb000-7fad826fc000 r--s 00000000 00:36 1981465                    /home/aswany/.gradle/wrapper/dists/gradle-4.1-all/caches/jars-3/0e2fbc3b8c56d2975eca90c524790c13/animal-sniffer-annotations-1.14.jar
7fad826fc000-7fad826fe000 r--s 00001000 00:36 1981464                    /home/aswany/.gradle/wrapper/dists/gradle-4.1-all/caches/jars-3/ad41f8f3ac67c0323ce9eb1c20c8dc3f/j2objc-annotations-1.1.jar
7fad826fe000-7fad826ff000 r--s 00002000 00:36 1981463                    /home/aswany/.gradle/wrapper/dists/gradle-4.1-all/caches/jars-3/9edb0f46b907c34c4718edabde6c791c/error_prone_annotations-2.0.18.jar
7fad826ff000-7fad82702000 r--s 00006000 00:36 1981462                    /home/aswany/.gradle/wrapper/dists/gradle-4.1-all/caches/jars-3/b58a9bc3bbba42132e4abc0bacae8da1/jsr305-1.3.9.jar
7fad82702000-7fad82703000 r--s 0000a000 00:36 1981461                    /home/aswany/.gradle/wrapper/dists/gradle-4.1-all/caches/jars-3/5b8b36ed61fe92731031cca3c9b3a0b3/kxml2-2.3.0.jar
7fad82703000-7fad82705000 r--s 00005000 00:36 1981460                    /home/aswany/.gradle/wrapper/dists/gradle-4.1-all/caches/jars-3/f10e1e1978816198f2eb1189c974b440/httpmime-4.1.jar
7fad82705000-7fad8270f000 r--s 00061000 00:36 1981459                    /home/aswany/.gradle/wrapper/dists/gradle-4.1-all/caches/jars-3/bc4b2527f35dc983f759e8f85f3f8d52/httpclient-4.2.6.jar
7fad8270f000-7fad82718000 r--s 00064000 00:36 1981458                    /home/aswany/.gradle/wrapper/dists/gradle-4.1-all/caches/jars-3/fc37c717528c2a0d27f3e3621835f781/commons-compress-1.12.jar
7fad82718000-7fad8283d000 r--s 00f5d000 00:36 1981452                    /home/aswany/.gradle/wrapper/dists/gradle-4.1-all/caches/jars-3/dfd566a90e18a0aa75879c33e0731ab8/fastutil-7.2.0.jar
7fad8283d000-7fad82a3d000 rw-p 00000000 00:00 0 
7fad82a3d000-7fad82a40000 ---p 00000000 00:00 0 
7fad82a40000-7fad82b3e000 rw-p 00000000 00:00 0 
7fad82b3e000-7fad82b41000 ---p 00000000 00:00 0 
7fad82b41000-7fad82c3f000 rw-p 00000000 00:00 0 
7fad82c3f000-7fad82c42000 ---p 00000000 00:00 0 
7fad82c42000-7fad82d40000 rw-p 00000000 00:00 0 
7fad82d40000-7fad82d43000 ---p 00000000 00:00 0 
7fad82d43000-7fad83041000 rw-p 00000000 00:00 0 
7fad83041000-7fad83044000 ---p 00000000 00:00 0 
7fad83044000-7fad83342000 rw-p 00000000 00:00 0 
7fad83342000-7fad83542000 rw-p 00000000 00:00 0 
7fad83542000-7fad83742000 rw-p 00000000 00:00 0 
7fad83742000-7fad83942000 rw-p 00000000 00:00 0 
7fad83942000-7fad83947000 r--s 0002e000 00:36 1981457                    /home/aswany/.gradle/wrapper/dists/gradle-4.1-all/caches/jars-3/c5bcda7f6f4809e9c92270f99e51f154/gson-2.3.jar
7fad83947000-7fad83957000 r--s 000d6000 00:36 1981456                    /home/aswany/.gradle/wrapper/dists/gradle-4.1-all/caches/jars-3/dbdb8caed2514263a34702cc763c6785/proguard-base-5.3.3.jar
7fad83957000-7fad83959000 r--s 00003000 00:36 1981455                    /home/aswany/.gradle/wrapper/dists/gradle-4.1-all/caches/jars-3/01ab8600ebbfdcaf9b89b45c2b992e82/annotations-13.0.jar
7fad83959000-7fad8395c000 r--s 00033000 00:36 1853442                    /home/aswany/.gradle/wrapper/dists/gradle-4.1-all/caches/jars-3/0ce03714647bf7bd3c78634c20ddbf38/juniversalchardet-1.0.3.jar
7fad8395c000-7fad83960000 r--s 0002a000 00:36 1853440                    /home/aswany/.gradle/wrapper/dists/gradle-4.1-all/caches/jars-3/9849af6d4b0409ba64061601342f385d/commons-io-2.4.jar
7fad83960000-7fad83977000 r--s 00154000 00:36 2632480                    /home/aswany/.gradle/wrapper/dists/gradle-4.1-all/caches/jars-3/57adf9abd30c921d4ea1dfdcfe7b9efd/antlr4-4.5.3.jar
7fad83977000-7fad839a7000 r--s 00245000 00:36 2238897                    /home/aswany/.gradle/wrapper/dists/gradle-4.1-all/caches/jars-3/8e27cdebb49ba2f804f9403d90aaaac5/guava-22.0.jar
7fad839a7000-7fad839af000 r--s 000a8000 00:36 2238895                    /home/aswany/.gradle/wrapper/dists/gradle-4.1-all/caches/jars-3/6cc57ce9ec0d90186f781694264d61bc/lombok-ast-0.2.3.jar
7fad839af000-7fad839b3000 r--s 0002f000 00:36 2109732                    /home/aswany/.gradle/wrapper/dists/gradle-4.1-all/caches/jars-3/505fcc8c47da308b2f1262f0ff3c65f1/jimfs-1.1.jar
7fad839b3000-7fad839fe000 r--s 002ff000 00:36 1981451                    /home/aswany/.gradle/wrapper/dists/gradle-4.1-all/caches/jars-3/d3d44e9a7fcb4a86fb40775c385dd3d0/bcprov-jdk15on-1.56.jar
7fad839fe000-7fad83bfe000 rw-p 00000000 00:00 0 
7fad83bfe000-7fad83dfe000 rw-p 00000000 00:00 0 
7fad83dfe000-7fad83e01000 ---p 00000000 00:00 0 
7fad83e01000-7fad83eff000 rw-p 00000000 00:00 0 
7fad83eff000-7fad83f02000 ---p 00000000 00:00 0 
7fad83f02000-7fad84000000 rw-p 00000000 00:00 0 
7fad84000000-7fad84288000 rw-p 00000000 00:00 0 
7fad84288000-7fad88000000 ---p 00000000 00:00 0 
7fad88000000-7fad88021000 rw-p 00000000 00:00 0 
7fad88021000-7fad8c000000 ---p 00000000 00:00 0 
7fad8c000000-7fad8c021000 rw-p 00000000 00:00 0 
7fad8c021000-7fad90000000 ---p 00000000 00:00 0 
7fad90000000-7fad912c9000 rw-p 00000000 00:00 0 
7fad912c9000-7fad94000000 ---p 00000000 00:00 0 
7fad94000000-7fad94021000 rw-p 00000000 00:00 0 
7fad94021000-7fad98000000 ---p 00000000 00:00 0 
7fad98000000-7fad9802d000 rw-p 00000000 00:00 0 
7fad9802d000-7fad9c000000 ---p 00000000 00:00 0 
7fad9c000000-7fad9c07e000 rw-p 00000000 00:00 0 
7fad9c07e000-7fada0000000 ---p 00000000 00:00 0 
7fada0000000-7fada0021000 rw-p 00000000 00:00 0 
7fada0021000-7fada4000000 ---p 00000000 00:00 0 
7fada4000000-7fada4021000 rw-p 00000000 00:00 0 
7fada4021000-7fada8000000 ---p 00000000 00:00 0 
7fada8000000-7fada8021000 rw-p 00000000 00:00 0 
7fada8021000-7fadac000000 ---p 00000000 00:00 0 
7fadac000000-7fadae675000 rw-p 00000000 00:00 0 
7fadae675000-7fadb0000000 ---p 00000000 00:00 0 
7fadb0000000-7fadb09b0000 rw-p 00000000 00:00 0 
7fadb09b0000-7fadb4000000 ---p 00000000 00:00 0 
7fadb4000000-7fadb4021000 rw-p 00000000 00:00 0 
7fadb4021000-7fadb8000000 ---p 00000000 00:00 0 
7fadb8000000-7fadb9d7a000 rw-p 00000000 00:00 0 
7fadb9d7a000-7fadbc000000 ---p 00000000 00:00 0 
7fadbc000000-7fadbc021000 rw-p 00000000 00:00 0 
7fadbc021000-7fadc0000000 ---p 00000000 00:00 0 
7fadc0000000-7fadc0021000 rw-p 00000000 00:00 0 
7fadc0021000-7fadc4000000 ---p 00000000 00:00 0 
7fadc4000000-7fadc402e000 rw-p 00000000 00:00 0 
7fadc402e000-7fadc8000000 ---p 00000000 00:00 0 
7fadc8000000-7fadc82b1000 rw-p 00000000 00:00 0 
7fadc82b1000-7fadcc000000 ---p 00000000 00:00 0 
7fadcc000000-7fadcc021000 rw-p 00000000 00:00 0 
7fadcc021000-7fadd0000000 ---p 00000000 00:00 0 
7fadd0000000-7fadd0001000 r--s 00001000 00:36 1981454                    /home/aswany/.gradle/wrapper/dists/gradle-4.1-all/caches/jars-3/22d054403841f76f651e28ff81d7e543/annotations-26.0.0.jar
7fadd0001000-7fadd0002000 r--s 00003000 00:36 2632478                    /home/aswany/.gradle/wrapper/dists/gradle-4.1-all/caches/jars-3/f29c2da6b031c4830fe215ea32cbd1d6/baseLibrary-3.0.0.jar
7fadd0002000-7fadd0015000 r--s 00241000 00:36 2109730                    /home/aswany/.gradle/wrapper/dists/gradle-4.1-all/caches/jars-3/d8dc71eb6d91c966c45f7b594129e14a/ecj-4.6.1.jar
7fadd0015000-7fadd0016000 r--s 00003000 00:36 1981453                    /home/aswany/.gradle/wrapper/dists/gradle-4.1-all/caches/jars-3/fdb8f5ebd6a086c4818336712b830716/json-simple-1.1.jar
7fadd0016000-7fadd0027000 r--s 00097000 00:36 1981450                    /home/aswany/.gradle/wrapper/dists/gradle-4.1-all/caches/jars-3/59ebb77d99c5ca0e24bb23272e0329dd/bcpkix-jdk15on-1.56.jar
7fadd0027000-7fadd0029000 r--s 00002000 00:36 1981449                    /home/aswany/.gradle/wrapper/dists/gradle-4.1-all/caches/jars-3/f268e5e8fc83bb846ac355d6a16b1f30/javawriter-2.5.0.jar
7fadd0029000-7fadd002e000 r--s 0003b000 00:36 1981448                    /home/aswany/.gradle/wrapper/dists/gradle-4.1-all/caches/jars-3/e05f9976b96d28fde211735fa5e94d9a/apksig-3.0.0.jar
7fadd002e000-7fadd0031000 r--s 00024000 00:36 1981447                    /home/aswany/.gradle/wrapper/dists/gradle-4.1-all/caches/jars-3/664e7b307d7ea6fbd268ae5e965af33f/common-26.0.0.jar
7fadd0031000-7fadd0033000 r--s 00006000 00:36 1981446                    /home/aswany/.gradle/wrapper/dists/gradle-4.1-all/caches/jars-3/0406b1b4dc723dfbfe2d3f0701ad05b0/dvlib-26.0.0.jar
7fadd0033000-7fadd0036000 r--s 00014000 00:36 1981445                    /home/aswany/.gradle/wrapper/dists/gradle-4.1-all/caches/jars-3/3ce077ae1920336ec43b829a7f72ce49/layoutlib-api-26.0.0.jar
7fadd0036000-7fadd003b000 r--s 0004d000 00:36 1981444                    /home/aswany/.gradle/wrapper/dists/gradle-4.1-all/caches/jars-3/65eb04ad4074b88473a4bd0790ceb5fa/ddmlib-26.0.0.jar
7fadd003b000-7fadd003c000 r--s 00003000 00:36 1981443                    /home/aswany/.gradle/wrapper/dists/gradle-4.1-all/caches/jars-3/be01663fe004b181af941ac54e7bc4f0/builder-test-api-3.0.0.jar
7fadd003c000-7fadd003f000 r--s 00007000 00:36 1981442                    /home/aswany/.gradle/wrapper/dists/gradle-4.1-all/caches/jars-3/38f9351bf06ef722e62746fe5560ea34/builder-model-3.0.0.jar
7fadd003f000-7fadd004e000 r--s 00130000 00:36 1981441                    /home/aswany/.gradle/wrapper/dists/gradle-4.1-all/caches/jars-3/72ba1443c6adcea1f6ba21e12f0bb0fc/protobuf-java-3.0.0.jar
7fadd004e000-7fadd0061000 r--s 001a8000 00:36 1981440                    /home/aswany/.gradle/wrapper/dists/gradle-4.1-all/caches/jars-3/2265108d6f8c35991db49bb36a4f9855/protos-26.0.0.jar
7fadd0061000-7fadd0062000 r--s 00005000 00:36 1981439                    /home/aswany/.gradle/wrapper/dists/gradle-4.1-all/caches/jars-3/d41f18504bb9fe2aad8342cc4d177c72/shared-26.0.0.jar
7fadd0062000-7fadd0064000 r--s 00004000 00:36 1981438                    /home/aswany/.gradle/wrapper/dists/gradle-4.1-all/caches/jars-3/6d32eb0515d6f097cfbdc2a4d0a68216/tracker-26.0.0.jar
7fadd0064000-7fadd0066000 r--s 00002000 00:36 1981437                    /home/aswany/.gradle/wrapper/dists/gradle-4.1-all/caches/jars-3/e91624d2ed1c3b55eec9fd768ed13c1d/proguard-gradle-5.3.3.jar
7fadd0066000-7fadd0068000 r--s 0000f000 00:36 1981436                    /home/aswany/.gradle/wrapper/dists/gradle-4.1-all/caches/jars-3/96760c32d36a5d7066e3ccf088bfd362/jopt-simple-4.9.jar
7fadd0068000-7fadd006c000 r--s 0001e000 00:36 1981435                    /home/aswany/.gradle/wrapper/dists/gradle-4.1-all/caches/jars-3/0d3e95aba631209a078aeec58a76633d/org.jacoco.core-0.7.4.201502262128.jar
7fadd006c000-7fadd006f000 r--s 00020000 00:36 1981434                    /home/aswany/.gradle/wrapper/dists/gradle-4.1-all/caches/jars-3/c72fc284d34f39eab57a4e3ba83405e9/org.jacoco.report-0.7.4.201502262128.jar
7fadd006f000-7fadd0071000 r--s 0000c000 00:36 1981433                    /home/aswany/.gradle/wrapper/dists/gradle-4.1-all/caches/jars-3/9b0a36633c92c6e87e62c81734593183/asm-5.1.jar
7fadd0071000-7fadd0073000 r--s 00006000 00:36 1981432                    /home/aswany/.gradle/wrapper/dists/gradle-4.1-all/caches/jars-3/50c8a7da333c41693b2b7ce95b6d9d89/asm-tree-5.1.jar
7fadd0073000-7fadd0074000 r--s 0000a000 00:36 1981431                    /home/aswany/.gradle/wrapper/dists/gradle-4.1-all/caches/jars-3/c4f1f1d5a624f981d35a78d181e2c418/asm-util-5.1.jar
7fadd0074000-7fadd0076000 r--s 0000a000 00:36 1981430                    /home/aswany/.gradle/wrapper/dists/gradle-4.1-all/caches/jars-3/d37aa405961c464c627b1efe5def81b8/asm-commons-5.1.jar
7fadd0076000-7fadd0077000 r--s 00004000 00:36 1981429                    /home/aswany/.gradle/wrapper/dists/gradle-4.1-all/caches/jars-3/2b2689d10a4425b1cb2d0654db2ea088/asm-analysis-5.1.jar
7fadd0077000-7fadd0078000 r--s 00000000 00:36 1981428                    /home/aswany/.gradle/wrapper/dists/gradle-4.1-all/caches/jars-3/5206138fb8a6b2ffbd31e140916c2100/transform-api-2.0.0-deprecated-use-gradle-api.jar
7fadd0078000-7fadd0087000 r--s 000c8000 00:36 1981427                    /home/aswany/.gradle/wrapper/dists/gradle-4.1-all/caches/jars-3/af931fae44e009148423077fa09abbd1/kotlin-stdlib-1.1.3-2.jar
7fadd0087000-7fadd00b9000 r--s 0021b000 00:36 1981426                    /home/aswany/.gradle/wrapper/dists/gradle-4.1-all/caches/jars-3/24b2127528a18b338af82ff7ea236d45/kotlin-reflect-1.1.3-2.jar
7fadd00b9000-7fadd00bf000 r--s 00030000 00:36 1981425                    /home/aswany/.gradle/wrapper/dists/gradle-4.1-all/caches/jars-3/ed1566eb5e13985bd2441d4d9fb001bc/repository-26.0.0.jar
7fadd00bf000-7fadd00ca000 r--s 0009b000 00:36 1981424                    /home/aswany/.gradle/wrapper/dists/gradle-4.1-all/caches/jars-3/010a8562e37fa93874e94473b7b1b739/sdklib-26.0.0.jar
7fadd00ca000-7fadd00d9000 r--s 000da000 00:36 1981423                    /home/aswany/.gradle/wrapper/dists/gradle-4.1-all/caches/jars-3/855bd024c9103048d08cf3d6b4ccafaf/sdk-common-26.0.0.jar
7fadd00d9000-7fadd00dd000 r--s 00023000 00:36 1981422                    /home/aswany/.gradle/wrapper/dists/gradle-4.1-all/caches/jars-3/901a1ffe8b1c867d10bb96d1ffa22bf8/manifest-merger-26.0.0.jar
7fadd00dd000-7fadd00ec000 r--s 000cb000 00:36 2109728                    /home/aswany/.gradle/wrapper/dists/gradle-4.1-all/caches/jars-3/f5905f482fd3ae4156449764362d5347/uast-26.0.0.jar
7fadd00ec000-7fadd00ef000 ---p 00000000 00:00 0 
7fadd00ef000-7fadd03ed000 rw-p 00000000 00:00 0 
7fadd03ed000-7fadd03f0000 ---p 00000000 00:00 0 
7fadd03f0000-7fadd04ee000 rw-p 00000000 00:00 0 
7fadd04ee000-7fadd04f1000 ---p 00000000 00:00 0 
7fadd04f1000-7fadd05ef000 rw-p 00000000 00:00 0 
7fadd05ef000-7fadd05f2000 ---p 00000000 00:00 0 
7fadd05f2000-7fadd06f0000 rw-p 00000000 00:00 0 
7fadd06f0000-7fadd06f3000 ---p 00000000 00:00 0 
7fadd06f3000-7fadd07f1000 rw-p 00000000 00:00 0 
7fadd07f1000-7fadd07f4000 ---p 00000000 00:00 0 
7fadd07f4000-7fadd08f2000 rw-p 00000000 00:00 0 
7fadd08f2000-7fadd08f5000 ---p 00000000 00:00 0 
7fadd08f5000-7fadd09f3000 rw-p 00000000 00:00 0 
7fadd09f3000-7fadd09f6000 ---p 00000000 00:00 0 
7fadd09f6000-7fadd0af4000 rw-p 00000000 00:00 0 
7fadd0af4000-7fadd0af7000 ---p 00000000 00:00 0 
7fadd0af7000-7fadd0df5000 rw-p 00000000 00:00 0 
7fadd0df5000-7fadd0dfe000 r-xp 00000000 08:07 3154815                    /opt/android-studio/jre/jre/lib/amd64/libmanagement.so
7fadd0dfe000-7fadd0ffd000 ---p 00009000 08:07 3154815                    /opt/android-studio/jre/jre/lib/amd64/libmanagement.so
7fadd0ffd000-7fadd0ffe000 r--p 00008000 08:07 3154815                    /opt/android-studio/jre/jre/lib/amd64/libmanagement.so
7fadd0ffe000-7fadd0fff000 rw-p 00009000 08:07 3154815                    /opt/android-studio/jre/jre/lib/amd64/libmanagement.so
7fadd0fff000-7fadd4000000 rw-p 00000000 00:00 0 
7fadd4000000-7fadd4021000 rw-p 00000000 00:00 0 
7fadd4021000-7fadd8000000 ---p 00000000 00:00 0 
7fadd8000000-7fadd8004000 r--s 0002e000 00:36 1853438                    /home/aswany/.gradle/wrapper/dists/gradle-4.1-all/caches/jars-3/7844948b119640730aae7d1024fe376e/compilerCommon-3.0.0.jar
7fadd8004000-7fadd8006000 r--s 00003000 00:36 2632476                    /home/aswany/.gradle/wrapper/dists/gradle-4.1-all/caches/jars-3/93282345f8a1cdba41f206997292df6a/gradle-api-3.0.0.jar
7fadd8006000-7fadd800d000 r--s 0007f000 00:36 1981421                    /home/aswany/.gradle/wrapper/dists/gradle-4.1-all/caches/jars-3/96f25077deeaace8d84ee1787aad54fd/lint-api-26.0.0.jar
7fadd800d000-7fadd8016000 r--s 000ff000 00:36 1981420                    /home/aswany/.gradle/wrapper/dists/gradle-4.1-all/caches/jars-3/f0348591fd8e5cf1f09289c2cddb6498/lint-checks-26.0.0.jar
7fadd8016000-7fadd8019000 r--s 00039000 00:36 1981419                    /home/aswany/.gradle/wrapper/dists/gradle-4.1-all/caches/jars-3/6acf45ba7bd0fd34186c06e50fa1a773/lint-26.0.0.jar
7fadd8019000-7fadd8049000 r--s 01983000 00:36 1981418                    /home/aswany/.gradle/wrapper/dists/gradle-4.1-all/caches/jars-3/9d8abc21f07cf6634ed8d5a72c47a95f/builder-3.0.0.jar
7fadd8049000-7fadd806c000 r--s 0020b000 00:36 1981417                    /home/aswany/.gradle/wrapper/dists/gradle-4.1-all/caches/jars-3/6580be06fa7f5eae6309ca3ad3a20624/gradle-core-3.0.0.jar
7fadd806c000-7fadd806e000 r--s 0000f000 00:36 1981416                    /home/aswany/.gradle/wrapper/dists/gradle-4.1-all/caches/jars-3/119369196b5bc94e9595652e20112cf5/gradle-3.0.0.jar
7fadd806e000-7fadd80e7000 r--s 010fd000 08:07 3154699                    /opt/android-studio/jre/lib/tools.jar
7fadd80e7000-7fadd80ee000 r--s 00000000 08:07 5375294                    /usr/lib/x86_64-linux-gnu/gconv/gconv-modules.cache
7fadd80ee000-7fadd80f3000 r--s 0009a000 08:07 3154737                    /opt/android-studio/jre/jre/lib/jsse.jar
7fadd80f3000-7fadd80f5000 r--s 00007000 00:36 2109903                    /home/aswany/.gradle/wrapper/dists/gradle-4.1-all/wrapper/dists/gradle-4.1-all/bzyivzo6n839fup2jbap0tjew/gradle-4.1/lib/plugins/gradle-tooling-api-builders-4.1.jar
7fadd80f5000-7fadd80f8000 r--s 00009000 00:36 2109913                    /home/aswany/.gradle/wrapper/dists/gradle-4.1-all/wrapper/dists/gradle-4.1-all/bzyivzo6n839fup2jbap0tjew/gradle-4.1/lib/plugins/gradle-testing-native-4.1.jar
7fadd80f8000-7fadd80fa000 r--s 00009000 00:36 2109986                    /home/aswany/.gradle/wrapper/dists/gradle-4.1-all/wrapper/dists/gradle-4.1-all/bzyivzo6n839fup2jbap0tjew/gradle-4.1/lib/plugins/hamcrest-core-1.3.jar
7fadd80fa000-7fadd80ff000 r--s 00040000 00:36 2109981                    /home/aswany/.gradle/wrapper/dists/gradle-4.1-all/wrapper/dists/gradle-4.1-all/bzyivzo6n839fup2jbap0tjew/gradle-4.1/lib/plugins/bsh-2.0b4.jar
7fadd80ff000-7fadd8101000 r--s 00006000 00:36 2109982                    /home/aswany/.gradle/wrapper/dists/gradle-4.1-all/wrapper/dists/gradle-4.1-all/bzyivzo6n839fup2jbap0tjew/gradle-4.1/lib/plugins/jcommander-1.12.jar
7fadd8101000-7fadd8107000 r--s 00033000 00:36 2109983                    /home/aswany/.gradle/wrapper/dists/gradle-4.1-all/wrapper/dists/gradle-4.1-all/bzyivzo6n839fup2jbap0tjew/gradle-4.1/lib/plugins/snakeyaml-1.6.jar
7fadd8107000-7fadd8110000 r--s 00089000 00:36 2109941                    /home/aswany/.gradle/wrapper/dists/gradle-4.1-all/wrapper/dists/gradle-4.1-all/bzyivzo6n839fup2jbap0tjew/gradle-4.1/lib/plugins/testng-6.3.1.jar
7fadd8110000-7fadd8118000 r--s 00045000 00:36 2109942                    /home/aswany/.gradle/wrapper/dists/gradle-4.1-all/wrapper/dists/gradle-4.1-all/bzyivzo6n839fup2jbap0tjew/gradle-4.1/lib/plugins/junit-4.12.jar
7fadd8118000-7fadd811e000 r--s 0002e000 00:36 2109909                    /home/aswany/.gradle/wrapper/dists/gradle-4.1-all/wrapper/dists/gradle-4.1-all/bzyivzo6n839fup2jbap0tjew/gradle-4.1/lib/plugins/gradle-testing-jvm-4.1.jar
7fadd811e000-7fadd8122000 r--s 00017000 00:36 2109917                    /home/aswany/.gradle/wrapper/dists/gradle-4.1-all/wrapper/dists/gradle-4.1-all/bzyivzo6n839fup2jbap0tjew/gradle-4.1/lib/plugins/gradle-testing-base-4.1.jar
7fadd8122000-7fadd8129000 r--s 00038000 00:36 2109937                    /home/aswany/.gradle/wrapper/dists/gradle-4.1-all/wrapper/dists/gradle-4.1-all/bzyivzo6n839fup2jbap0tjew/gradle-4.1/lib/plugins/bcpg-jdk15on-1.51.jar
7fadd8129000-7fadd812b000 r--s 0000c000 00:36 2109888                    /home/aswany/.gradle/wrapper/dists/gradle-4.1-all/wrapper/dists/gradle-4.1-all/bzyivzo6n839fup2jbap0tjew/gradle-4.1/lib/plugins/gradle-signing-4.1.jar
7fadd812b000-7fadd812d000 r--s 00007000 00:36 2109894                    /home/aswany/.gradle/wrapper/dists/gradle-4.1-all/wrapper/dists/gradle-4.1-all/bzyivzo6n839fup2jbap0tjew/gradle-4.1/lib/plugins/gradle-scala-4.1.jar
7fadd812d000-7fadd812e000 r--s 00004000 00:36 2109925                    /home/aswany/.gradle/wrapper/dists/gradle-4.1-all/wrapper/dists/gradle-4.1-all/bzyivzo6n839fup2jbap0tjew/gradle-4.1/lib/plugins/gradle-resources-sftp-4.1.jar
7fadd812e000-7fadd813e000 r--s 00088000 00:36 2109954                    /home/aswany/.gradle/wrapper/dists/gradle-4.1-all/wrapper/dists/gradle-4.1-all/bzyivzo6n839fup2jbap0tjew/gradle-4.1/lib/plugins/joda-time-2.8.2.jar
7fadd813e000-7fadd814f000 r--s 0010d000 00:36 2109953                    /home/aswany/.gradle/wrapper/dists/gradle-4.1-all/wrapper/dists/gradle-4.1-all/bzyivzo6n839fup2jbap0tjew/gradle-4.1/lib/plugins/jackson-databind-2.6.6.jar
7fadd814f000-7fadd8152000 r--s 00009000 00:36 2109952                    /home/aswany/.gradle/wrapper/dists/gradle-4.1-all/wrapper/dists/gradle-4.1-all/bzyivzo6n839fup2jbap0tjew/gradle-4.1/lib/plugins/jackson-annotations-2.6.6.jar
7fadd8152000-7fadd8156000 r--s 0003c000 00:36 2109951                    /home/aswany/.gradle/wrapper/dists/gradle-4.1-all/wrapper/dists/gradle-4.1-all/bzyivzo6n839fup2jbap0tjew/gradle-4.1/lib/plugins/jackson-core-2.6.6.jar
7fadd8156000-7fadd8164000 r--s 00087000 00:36 2109950                    /home/aswany/.gradle/wrapper/dists/gradle-4.1-all/wrapper/dists/gradle-4.1-all/bzyivzo6n839fup2jbap0tjew/gradle-4.1/lib/plugins/aws-java-sdk-core-1.11.6.jar
7fadd8164000-7fadd816b000 r--s 00057000 00:36 2109949                    /home/aswany/.gradle/wrapper/dists/gradle-4.1-all/wrapper/dists/gradle-4.1-all/bzyivzo6n839fup2jbap0tjew/gradle-4.1/lib/plugins/aws-java-sdk-kms-1.11.6.jar
7fadd816b000-7fadd8178000 r--s 0008e000 00:36 2109948                    /home/aswany/.gradle/wrapper/dists/gradle-4.1-all/wrapper/dists/gradle-4.1-all/bzyivzo6n839fup2jbap0tjew/gradle-4.1/lib/plugins/aws-java-sdk-s3-1.11.6.jar
7fadd8178000-7fadd817a000 r--s 00004000 00:36 2109922                    /home/aswany/.gradle/wrapper/dists/gradle-4.1-all/wrapper/dists/gradle-4.1-all/bzyivzo6n839fup2jbap0tjew/gradle-4.1/lib/plugins/gradle-resources-s3-4.1.jar
7fadd817a000-7fadd817c000 r--s 00010000 00:36 2109918                    /home/aswany/.gradle/wrapper/dists/gradle-4.1-all/wrapper/dists/gradle-4.1-all/bzyivzo6n839fup2jbap0tjew/gradle-4.1/lib/plugins/gradle-reporting-4.1.jar
7fadd817c000-7fadd817e000 r--s 00002000 00:36 2109919                    /home/aswany/.gradle/wrapper/dists/gradle-4.1-all/wrapper/dists/gradle-4.1-all/bzyivzo6n839fup2jbap0tjew/gradle-4.1/lib/plugins/gradle-publish-4.1.jar
7fadd817e000-7fadd8180000 r--s 00009000 00:36 2109930                    /home/aswany/.gradle/wrapper/dists/gradle-4.1-all/wrapper/dists/gradle-4.1-all/bzyivzo6n839fup2jbap0tjew/gradle-4.1/lib/plugins/commons-cli-1.2.jar
7fadd8180000-7fadd8186000 r--s 00036000 00:36 2109902                    /home/aswany/.gradle/wrapper/dists/gradle-4.1-all/wrapper/dists/gradle-4.1-all/bzyivzo6n839fup2jbap0tjew/gradle-4.1/lib/plugins/gradle-plugins-4.1.jar
7fadd8186000-7fadd8188000 r--s 00009000 00:36 2109889                    /home/aswany/.gradle/wrapper/dists/gradle-4.1-all/wrapper/dists/gradle-4.1-all/bzyivzo6n839fup2jbap0tjew/gradle-4.1/lib/plugins/gradle-plugin-development-4.1.jar
7fadd8188000-7fadd818e000 r--s 0002b000 00:36 2109897                    /home/aswany/.gradle/wrapper/dists/gradle-4.1-all/wrapper/dists/gradle-4.1-all/bzyivzo6n839fup2jbap0tjew/gradle-4.1/lib/plugins/gradle-platform-play-4.1.jar
7fadd818e000-7fadd819d000 r--s 0005b000 00:36 2109915                    /home/aswany/.gradle/wrapper/dists/gradle-4.1-all/wrapper/dists/gradle-4.1-all/bzyivzo6n839fup2jbap0tjew/gradle-4.1/lib/plugins/gradle-platform-native-4.1.jar
7fadd819d000-7fadd81a1000 r--s 0001b000 00:36 2109912                    /home/aswany/.gradle/wrapper/dists/gradle-4.1-all/wrapper/dists/gradle-4.1-all/bzyivzo6n839fup2jbap0tjew/gradle-4.1/lib/plugins/gradle-platform-jvm-4.1.jar
7fadd81a1000-7fadd81a9000 r--s 00027000 00:36 2109920                    /home/aswany/.gradle/wrapper/dists/gradle-4.1-all/wrapper/dists/gradle-4.1-all/bzyivzo6n839fup2jbap0tjew/gradle-4.1/lib/plugins/gradle-platform-base-4.1.jar
7fadd81a9000-7fadd81d1000 r--s 0021c000 00:36 2109931                    /home/aswany/.gradle/wrapper/dists/gradle-4.1-all/wrapper/dists/gradle-4.1-all/bzyivzo6n839fup2jbap0tjew/gradle-4.1/lib/plugins/biz.aQute.bndlib-3.2.0.jar
7fadd81d1000-7fadd81d2000 r--s 00004000 00:36 2109887                    /home/aswany/.gradle/wrapper/dists/gradle-4.1-all/wrapper/dists/gradle-4.1-all/bzyivzo6n839fup2jbap0tjew/gradle-4.1/lib/plugins/gradle-osgi-4.1.jar
7fadd81d2000-7fadd81d5000 r--s 0000c000 00:36 2109934                    /home/aswany/.gradle/wrapper/dists/gradle-4.1-all/wrapper/dists/gradle-4.1-all/bzyivzo6n839fup2jbap0tjew/gradle-4.1/lib/plugins/pmaven-groovy-0.8-20100325.jar
7fadd81d5000-7fadd81d6000 r--s 00004000 00:36 2109933                    /home/aswany/.gradle/wrapper/dists/gradle-4.1-all/wrapper/dists/gradle-4.1-all/bzyivzo6n839fup2jbap0tjew/gradle-4.1/lib/plugins/pmaven-common-0.8-20100325.jar
7fadd81d6000-7fadd81dc000 r--s 00023000 00:36 2109890                    /home/aswany/.gradle/wrapper/dists/gradle-4.1-all/wrapper/dists/gradle-4.1-all/bzyivzo6n839fup2jbap0tjew/gradle-4.1/lib/plugins/gradle-maven-4.1.jar
7fadd81dc000-7fadd81df000 r--s 0000b000 00:36 2109908                    /home/aswany/.gradle/wrapper/dists/gradle-4.1-all/wrapper/dists/gradle-4.1-all/bzyivzo6n839fup2jbap0tjew/gradle-4.1/lib/plugins/gradle-language-scala-4.1.jar
7fadd81df000-7fadd81e6000 r--s 00020000 00:36 2109914                    /home/aswany/.gradle/wrapper/dists/gradle-4.1-all/wrapper/dists/gradle-4.1-all/bzyivzo6n839fup2jbap0tjew/gradle-4.1/lib/plugins/gradle-language-native-4.1.jar
7fadd81e6000-7fadd81e8000 r--s 00005000 00:36 2109911                    /home/aswany/.gradle/wrapper/dists/gradle-4.1-all/wrapper/dists/gradle-4.1-all/bzyivzo6n839fup2jbap0tjew/gradle-4.1/lib/plugins/gradle-language-jvm-4.1.jar
7fadd81e8000-7fadd81ef000 r--s 0002f000 00:36 2109910                    /home/aswany/.gradle/wrapper/dists/gradle-4.1-all/wrapper/dists/gradle-4.1-all/bzyivzo6n839fup2jbap0tjew/gradle-4.1/lib/plugins/gradle-language-java-4.1.jar
7fadd81ef000-7fadd81f2000 r--s 0000a000 00:36 2109907                    /home/aswany/.gradle/wrapper/dists/gradle-4.1-all/wrapper/dists/gradle-4.1-all/bzyivzo6n839fup2jbap0tjew/gradle-4.1/lib/plugins/gradle-language-groovy-4.1.jar
7fadd81f2000-7fadd81f9000 r--s 00035000 00:36 2109940                    /home/aswany/.gradle/wrapper/dists/gradle-4.1-all/wrapper/dists/gradle-4.1-all/bzyivzo6n839fup2jbap0tjew/gradle-4.1/lib/plugins/simple-4.1.21.jar
7fadd81f9000-7fadd8205000 r--s 00100000 00:36 2109938                    /home/aswany/.gradle/wrapper/dists/gradle-4.1-all/wrapper/dists/gradle-4.1-all/bzyivzo6n839fup2jbap0tjew/gradle-4.1/lib/plugins/rhino-1.7R3.jar
7fadd8205000-7fadd8209000 r--s 00012000 00:36 2109898                    /home/aswany/.gradle/wrapper/dists/gradle-4.1-all/wrapper/dists/gradle-4.1-all/bzyivzo6n839fup2jbap0tjew/gradle-4.1/lib/plugins/gradle-javascript-4.1.jar
7fadd8209000-7fadd820c000 r--s 00011000 00:36 2109900                    /home/aswany/.gradle/wrapper/dists/gradle-4.1-all/wrapper/dists/gradle-4.1-all/bzyivzo6n839fup2jbap0tjew/gradle-4.1/lib/plugins/gradle-jacoco-4.1.jar
7fadd820c000-7fadd820f000 r--s 0000e000 00:36 2109899                    /home/aswany/.gradle/wrapper/dists/gradle-4.1-all/wrapper/dists/gradle-4.1-all/bzyivzo6n839fup2jbap0tjew/gradle-4.1/lib/plugins/gradle-ivy-4.1.jar
7fadd820f000-7fadd8210000 r--s 00002000 00:36 2109891                    /home/aswany/.gradle/wrapper/dists/gradle-4.1-all/wrapper/dists/gradle-4.1-all/bzyivzo6n839fup2jbap0tjew/gradle-4.1/lib/plugins/gradle-ide-play-4.1.jar
7fadd8210000-7fadd8213000 r--s 00013000 00:36 2109892                    /home/aswany/.gradle/wrapper/dists/gradle-4.1-all/wrapper/dists/gradle-4.1-all/bzyivzo6n839fup2jbap0tjew/gradle-4.1/lib/plugins/gradle-ide-native-4.1.jar
7fadd8213000-7fadd821d000 r--s 00054000 00:36 2109893                    /home/aswany/.gradle/wrapper/dists/gradle-4.1-all/wrapper/dists/gradle-4.1-all/bzyivzo6n839fup2jbap0tjew/gradle-4.1/lib/plugins/gradle-ide-4.1.jar
7fadd821d000-7fadd821f000 r--s 00007000 00:36 2109896                    /home/aswany/.gradle/wrapper/dists/gradle-4.1-all/wrapper/dists/gradle-4.1-all/bzyivzo6n839fup2jbap0tjew/gradle-4.1/lib/plugins/gradle-ear-4.1.jar
7fadd821f000-7fadd8221000 r--s 00005000 00:36 2109928                    /home/aswany/.gradle/wrapper/dists/gradle-4.1-all/wrapper/dists/gradle-4.1-all/bzyivzo6n839fup2jbap0tjew/gradle-4.1/lib/plugins/jatl-0.2.2.jar
7fadd8221000-7fadd8228000 r--s 00038000 00:36 2109916                    /home/aswany/.gradle/wrapper/dists/gradle-4.1-all/wrapper/dists/gradle-4.1-all/bzyivzo6n839fup2jbap0tjew/gradle-4.1/lib/plugins/gradle-diagnostics-4.1.jar
7fadd8228000-7fadd822a000 r--s 0000b000 00:36 2109905                    /home/aswany/.gradle/wrapper/dists/gradle-4.1-all/wrapper/dists/gradle-4.1-all/bzyivzo6n839fup2jbap0tjew/gradle-4.1/lib/plugins/gradle-composite-builds-4.1.jar
7fadd822a000-7fadd822f000 r--s 00025000 00:36 2109885                    /home/aswany/.gradle/wrapper/dists/gradle-4.1-all/wrapper/dists/gradle-4.1-all/bzyivzo6n839fup2jbap0tjew/gradle-4.1/lib/plugins/gradle-code-quality-4.1.jar
7fadd822f000-7fadd8234000 r--s 00022000 00:36 2109901                    /home/aswany/.gradle/wrapper/dists/gradle-4.1-all/wrapper/dists/gradle-4.1-all/bzyivzo6n839fup2jbap0tjew/gradle-4.1/lib/plugins/gradle-build-init-4.1.jar
7fadd8234000-7fadd823a000 r--s 0008e000 00:36 2109895                    /home/aswany/.gradle/wrapper/dists/gradle-4.1-all/wrapper/dists/gradle-4.1-all/bzyivzo6n839fup2jbap0tjew/gradle-4.1/lib/plugins/gradle-build-comparison-4.1.jar
7fadd823a000-7fadd823c000 r--s 00008000 00:36 2109886                    /home/aswany/.gradle/wrapper/dists/gradle-4.1-all/wrapper/dists/gradle-4.1-all/bzyivzo6n839fup2jbap0tjew/gradle-4.1/lib/plugins/gradle-antlr-4.1.jar
7fadd823c000-7fadd823e000 r--s 00004000 00:36 2109906                    /home/aswany/.gradle/wrapper/dists/gradle-4.1-all/wrapper/dists/gradle-4.1-all/bzyivzo6n839fup2jbap0tjew/gradle-4.1/lib/plugins/gradle-announce-4.1.jar
7fadd823e000-7fadd8240000 r--s 00008000 00:36 2109826                    /home/aswany/.gradle/wrapper/dists/gradle-4.1-all/wrapper/dists/gradle-4.1-all/bzyivzo6n839fup2jbap0tjew/gradle-4.1/lib/gradle-kotlin-dsl-tooling-builders-0.10.3.jar
7fadd8240000-7fadd8243000 r--s 0001c000 00:36 2109944                    /home/aswany/.gradle/wrapper/dists/gradle-4.1-all/wrapper/dists/gradle-4.1-all/bzyivzo6n839fup2jbap0tjew/gradle-4.1/lib/plugins/nekohtml-1.9.14.jar
7fadd8243000-7fadd824b000 r--s 00028000 00:36 2109985                    /home/aswany/.gradle/wrapper/dists/gradle-4.1-all/wrapper/dists/gradle-4.1-all/bzyivzo6n839fup2jbap0tjew/gradle-4.1/lib/plugins/xml-apis-1.3.04.jar
7fadd824b000-7fadd8263000 r--s 00115000 00:36 2109945                    /home/aswany/.gradle/wrapper/dists/gradle-4.1-all/wrapper/dists/gradle-4.1-all/bzyivzo6n839fup2jbap0tjew/gradle-4.1/lib/plugins/xercesImpl-2.9.1.jar
7fadd8263000-7fadd8269000 r--s 0005b000 00:36 2109943                    /home/aswany/.gradle/wrapper/dists/gradle-4.1-all/wrapper/dists/gradle-4.1-all/bzyivzo6n839fup2jbap0tjew/gradle-4.1/lib/plugins/jcifs-1.3.17.jar
7fadd8269000-7fadd8270000 r--s 00049000 00:36 2109984                    /home/aswany/.gradle/wrapper/dists/gradle-4.1-all/wrapper/dists/gradle-4.1-all/bzyivzo6n839fup2jbap0tjew/gradle-4.1/lib/plugins/httpcore-4.4.4.jar
7fadd8270000-7fadd827d000 r--s 000a4000 00:36 2109929                    /home/aswany/.gradle/wrapper/dists/gradle-4.1-all/wrapper/dists/gradle-4.1-all/bzyivzo6n839fup2jbap0tjew/gradle-4.1/lib/plugins/httpclient-4.4.1.jar
7fadd827d000-7fadd8293000 r-xp 00000000 08:07 5112022                    /lib/x86_64-linux-gnu/libgcc_s.so.1
7fadd8293000-7fadd8492000 ---p 00016000 08:07 5112022                    /lib/x86_64-linux-gnu/libgcc_s.so.1
7fadd8492000-7fadd8493000 r--p 00015000 08:07 5112022                    /lib/x86_64-linux-gnu/libgcc_s.so.1
7fadd8493000-7fadd8494000 rw-p 00016000 08:07 5112022                    /lib/x86_64-linux-gnu/libgcc_s.so.1
7fadd8494000-7fadd860c000 r-xp 00000000 08:07 4852469                    /usr/lib/x86_64-linux-gnu/libstdc++.so.6.0.24
7fadd860c000-7fadd880b000 ---p 00178000 08:07 4852469                    /usr/lib/x86_64-linux-gnu/libstdc++.so.6.0.24
7fadd880b000-7fadd8815000 r--p 00177000 08:07 4852469                    /usr/lib/x86_64-linux-gnu/libstdc++.so.6.0.24
7fadd8815000-7fadd8817000 rw-p 00181000 08:07 4852469                    /usr/lib/x86_64-linux-gnu/libstdc++.so.6.0.24
7fadd8817000-7fadd881a000 rw-p 00000000 00:00 0 
7fadd881a000-7fadd881f000 r-xp 00000000 00:36 2632474                    /home/aswany/.gradle/wrapper/dists/gradle-4.1-all/native/25/linux-amd64/libnative-platform.so
7fadd881f000-7fadd8a1e000 ---p 00005000 00:36 2632474                    /home/aswany/.gradle/wrapper/dists/gradle-4.1-all/native/25/linux-amd64/libnative-platform.so
7fadd8a1e000-7fadd8a1f000 rw-p 00004000 00:36 2632474                    /home/aswany/.gradle/wrapper/dists/gradle-4.1-all/native/25/linux-amd64/libnative-platform.so
7fadd8a1f000-7fadd8a30000 r-xp 00000000 08:07 3154822                    /opt/android-studio/jre/jre/lib/amd64/libnio.so
7fadd8a30000-7fadd8c2f000 ---p 00011000 08:07 3154822                    /opt/android-studio/jre/jre/lib/amd64/libnio.so
7fadd8c2f000-7fadd8c30000 r--p 00010000 08:07 3154822                    /opt/android-studio/jre/jre/lib/amd64/libnio.so
7fadd8c30000-7fadd8c31000 rw-p 00011000 08:07 3154822                    /opt/android-studio/jre/jre/lib/amd64/libnio.so
7fadd8c31000-7fadd8c47000 r-xp 00000000 08:07 3154820                    /opt/android-studio/jre/jre/lib/amd64/libnet.so
7fadd8c47000-7fadd8e47000 ---p 00016000 08:07 3154820                    /opt/android-studio/jre/jre/lib/amd64/libnet.so
7fadd8e47000-7fadd8e48000 r--p 00016000 08:07 3154820                    /opt/android-studio/jre/jre/lib/amd64/libnet.so
7fadd8e48000-7fadd8e49000 rw-p 00017000 08:07 3154820                    /opt/android-studio/jre/jre/lib/amd64/libnet.so
7fadd8e49000-7fadd9000000 r--s 01786000 00:36 2109828                    /home/aswany/.gradle/wrapper/dists/gradle-4.1-all/wrapper/dists/gradle-4.1-all/bzyivzo6n839fup2jbap0tjew/gradle-4.1/lib/kotlin-compiler-embeddable-1.1.3-2.jar
7fadd9000000-7faddc000000 rw-p 00000000 00:00 0 
7faddc000000-7faddc021000 rw-p 00000000 00:00 0 
7faddc021000-7fade0000000 ---p 00000000 00:00 0 
7fade0000000-7fade0001000 r--s 00002000 00:36 2109923                    /home/aswany/.gradle/wrapper/dists/gradle-4.1-all/wrapper/dists/gradle-4.1-all/bzyivzo6n839fup2jbap0tjew/gradle-4.1/lib/plugins/gradle-build-cache-http-4.1.jar
7fade0001000-7fade0007000 r--s 00033000 00:36 2109936                    /home/aswany/.gradle/wrapper/dists/gradle-4.1-all/wrapper/dists/gradle-4.1-all/bzyivzo6n839fup2jbap0tjew/gradle-4.1/lib/plugins/commons-codec-1.6.jar
7fade0007000-7fade0009000 r--s 0000b000 00:36 2109924                    /home/aswany/.gradle/wrapper/dists/gradle-4.1-all/wrapper/dists/gradle-4.1-all/bzyivzo6n839fup2jbap0tjew/gradle-4.1/lib/plugins/gradle-resources-http-4.1.jar
7fade0009000-7fade000d000 r--s 00017000 00:36 2109921                    /home/aswany/.gradle/wrapper/dists/gradle-4.1-all/wrapper/dists/gradle-4.1-all/bzyivzo6n839fup2jbap0tjew/gradle-4.1/lib/plugins/gradle-plugin-use-4.1.jar
7fade000d000-7fade000e000 r--s 00000000 00:36 2109832                    /home/aswany/.gradle/wrapper/dists/gradle-4.1-all/wrapper/dists/gradle-4.1-all/bzyivzo6n839fup2jbap0tjew/gradle-4.1/lib/gradle-runtime-api-info-4.1.jar
7fade000e000-7fade000f000 r--s 00000000 00:36 2109835                    /home/aswany/.gradle/wrapper/dists/gradle-4.1-all/wrapper/dists/gradle-4.1-all/bzyivzo6n839fup2jbap0tjew/gradle-4.1/lib/gradle-installation-beacon-4.1.jar
7fade000f000-7fade004f000 r--s 00277000 00:36 2109956                    /home/aswany/.gradle/wrapper/dists/gradle-4.1-all/wrapper/dists/gradle-4.1-all/bzyivzo6n839fup2jbap0tjew/gradle-4.1/lib/plugins/bcprov-jdk15on-1.51.jar
7fade004f000-7fade0053000 r--s 0001d000 00:36 2109955                    /home/aswany/.gradle/wrapper/dists/gradle-4.1-all/wrapper/dists/gradle-4.1-all/bzyivzo6n839fup2jbap0tjew/gradle-4.1/lib/plugins/xbean-reflect-3.4.jar
7fade0053000-7fade0055000 r--s 0000a000 00:36 2109957                    /home/aswany/.gradle/wrapper/dists/gradle-4.1-all/wrapper/dists/gradle-4.1-all/bzyivzo6n839fup2jbap0tjew/gradle-4.1/lib/plugins/maven-settings-3.0.4.jar
7fade0055000-7fade0058000 r--s 00008000 00:36 2109958                    /home/aswany/.gradle/wrapper/dists/gradle-4.1-all/wrapper/dists/gradle-4.1-all/bzyivzo6n839fup2jbap0tjew/gradle-4.1/lib/plugins/maven-settings-builder-3.0.4.jar
7fade0058000-7fade005c000 r--s 00033000 00:36 2109959                    /home/aswany/.gradle/wrapper/dists/gradle-4.1-all/wrapper/dists/gradle-4.1-all/bzyivzo6n839fup2jbap0tjew/gradle-4.1/lib/plugins/plexus-utils-2.0.6.jar
7fade005c000-7fade005e000 r--s 0000d000 00:36 2109960                    /home/aswany/.gradle/wrapper/dists/gradle-4.1-all/wrapper/dists/gradle-4.1-all/bzyivzo6n839fup2jbap0tjew/gradle-4.1/lib/plugins/plexus-interpolation-1.14.jar
7fade005e000-7fade0060000 r--s 00000000 00:36 2109935                    /home/aswany/.gradle/wrapper/dists/gradle-4.1-all/wrapper/dists/gradle-4.1-all/bzyivzo6n839fup2jbap0tjew/gradle-4.1/lib/plugins/plexus-component-annotations-1.5.5.jar
7fade0060000-7fade0067000 r--s 0002e000 00:36 2109961                    /home/aswany/.gradle/wrapper/dists/gradle-4.1-all/wrapper/dists/gradle-4.1-all/bzyivzo6n839fup2jbap0tjew/gradle-4.1/lib/plugins/plexus-container-default-1.5.5.jar
7fade0067000-7fade0069000 r--s 0000a000 00:36 2109962                    /home/aswany/.gradle/wrapper/dists/gradle-4.1-all/wrapper/dists/gradle-4.1-all/bzyivzo6n839fup2jbap0tjew/gradle-4.1/lib/plugins/plexus-classworlds-2.4.jar
7fade0069000-7fade006b000 r--s 00002000 00:36 2109963                    /home/aswany/.gradle/wrapper/dists/gradle-4.1-all/wrapper/dists/gradle-4.1-all/bzyivzo6n839fup2jbap0tjew/gradle-4.1/lib/plugins/plexus-cipher-1.7.jar
7fade006b000-7fade006c000 r--s 00006000 00:36 2109964                    /home/aswany/.gradle/wrapper/dists/gradle-4.1-all/wrapper/dists/gradle-4.1-all/bzyivzo6n839fup2jbap0tjew/gradle-4.1/lib/plugins/plexus-sec-dispatcher-1.3.jar
7fade006c000-7fade0072000 r--s 0003f000 00:36 2109965                    /home/aswany/.gradle/wrapper/dists/gradle-4.1-all/wrapper/dists/gradle-4.1-all/bzyivzo6n839fup2jbap0tjew/gradle-4.1/lib/plugins/maven-compat-3.0.4.jar
7fade0072000-7fade0076000 r--s 00021000 00:36 2109966                    /home/aswany/.gradle/wrapper/dists/gradle-4.1-all/wrapper/dists/gradle-4.1-all/bzyivzo6n839fup2jbap0tjew/gradle-4.1/lib/plugins/maven-model-builder-3.0.4.jar
7fade0076000-7fade0078000 r--s 00026000 00:36 2109967                    /home/aswany/.gradle/wrapper/dists/gradle-4.1-all/wrapper/dists/gradle-4.1-all/bzyivzo6n839fup2jbap0tjew/gradle-4.1/lib/plugins/maven-model-3.0.4.jar
7fade0078000-7fade007a000 r--s 0000b000 00:36 2109968                    /home/aswany/.gradle/wrapper/dists/gradle-4.1-all/wrapper/dists/gradle-4.1-all/bzyivzo6n839fup2jbap0tjew/gradle-4.1/lib/plugins/maven-artifact-3.0.4.jar
7fade007a000-7fade007c000 r--s 00006000 00:36 2109969                    /home/aswany/.gradle/wrapper/dists/gradle-4.1-all/wrapper/dists/gradle-4.1-all/bzyivzo6n839fup2jbap0tjew/gradle-4.1/lib/plugins/maven-repository-metadata-3.0.4.jar
7fade007c000-7fade007e000 r--s 0000b000 00:36 2109970                    /home/aswany/.gradle/wrapper/dists/gradle-4.1-all/wrapper/dists/gradle-4.1-all/bzyivzo6n839fup2jbap0tjew/gradle-4.1/lib/plugins/maven-plugin-api-3.0.4.jar
7fade007e000-7fade0080000 r--s 0000c000 00:36 2109971                    /home/aswany/.gradle/wrapper/dists/gradle-4.1-all/wrapper/dists/gradle-4.1-all/bzyivzo6n839fup2jbap0tjew/gradle-4.1/lib/plugins/maven-aether-provider-3.0.4.jar
7fade0080000-7fade0081000 r--s 00002000 00:36 2109972                    /home/aswany/.gradle/wrapper/dists/gradle-4.1-all/wrapper/dists/gradle-4.1-all/bzyivzo6n839fup2jbap0tjew/gradle-4.1/lib/plugins/wagon-file-2.4.jar
7fade0081000-7fade0082000 r--s 00002000 00:36 2109973                    /home/aswany/.gradle/wrapper/dists/gradle-4.1-all/wrapper/dists/gradle-4.1-all/bzyivzo6n839fup2jbap0tjew/gradle-4.1/lib/plugins/wagon-http-2.4.jar
7fade0082000-7fade0084000 r--s 0000b000 00:36 2109974                    /home/aswany/.gradle/wrapper/dists/gradle-4.1-all/wrapper/dists/gradle-4.1-all/bzyivzo6n839fup2jbap0tjew/gradle-4.1/lib/plugins/wagon-provider-api-2.4.jar
7fade0084000-7fade0085000 r--s 00007000 00:36 2109975                    /home/aswany/.gradle/wrapper/dists/gradle-4.1-all/wrapper/dists/gradle-4.1-all/bzyivzo6n839fup2jbap0tjew/gradle-4.1/lib/plugins/wagon-http-shared4-2.4.jar
7fade0085000-7fade0088000 r--s 00013000 00:36 2109976                    /home/aswany/.gradle/wrapper/dists/gradle-4.1-all/wrapper/dists/gradle-4.1-all/bzyivzo6n839fup2jbap0tjew/gradle-4.1/lib/plugins/aether-api-1.13.1.jar
7fade0088000-7fade008b000 r--s 0001d000 00:36 2109977                    /home/aswany/.gradle/wrapper/dists/gradle-4.1-all/wrapper/dists/gradle-4.1-all/bzyivzo6n839fup2jbap0tjew/gradle-4.1/lib/plugins/aether-impl-1.13.1.jar
7fade008b000-7fade008c000 r--s 00003000 00:36 2109978                    /home/aswany/.gradle/wrapper/dists/gradle-4.1-all/wrapper/dists/gradle-4.1-all/bzyivzo6n839fup2jbap0tjew/gradle-4.1/lib/plugins/aether-spi-1.13.1.jar
7fade008c000-7fade0090000 r--s 0001c000 00:36 2109979                    /home/aswany/.gradle/wrapper/dists/gradle-4.1-all/wrapper/dists/gradle-4.1-all/bzyivzo6n839fup2jbap0tjew/gradle-4.1/lib/plugins/aether-util-1.13.1.jar
7fade0090000-7fade0092000 r--s 00006000 00:36 2109980                    /home/aswany/.gradle/wrapper/dists/gradle-4.1-all/wrapper/dists/gradle-4.1-all/bzyivzo6n839fup2jbap0tjew/gradle-4.1/lib/plugins/aether-connector-wagon-1.13.1.jar
7fade0092000-7fade009e000 r--s 0007d000 00:36 2109932                    /home/aswany/.gradle/wrapper/dists/gradle-4.1-all/wrapper/dists/gradle-4.1-all/bzyivzo6n839fup2jbap0tjew/gradle-4.1/lib/plugins/maven-core-3.0.4.jar
7fade009e000-7fade00a3000 r--s 00034000 00:36 2109939                    /home/aswany/.gradle/wrapper/dists/gradle-4.1-all/wrapper/dists/gradle-4.1-all/bzyivzo6n839fup2jbap0tjew/gradle-4.1/lib/plugins/gson-2.7.jar
7fade00a3000-7fade00a8000 r--s 00040000 00:36 2109947                    /home/aswany/.gradle/wrapper/dists/gradle-4.1-all/wrapper/dists/gradle-4.1-all/bzyivzo6n839fup2jbap0tjew/gradle-4.1/lib/plugins/jsch-0.1.54.jar
7fade00a8000-7fade00b7000 r--s 000d9000 00:36 2109946                    /home/aswany/.gradle/wrapper/dists/gradle-4.1-all/wrapper/dists/gradle-4.1-all/bzyivzo6n839fup2jbap0tjew/gradle-4.1/lib/plugins/ivy-2.2.0.jar
7fade00b7000-7fade00db000 r--s 0011a000 00:36 2109927                    /home/aswany/.gradle/wrapper/dists/gradle-4.1-all/wrapper/dists/gradle-4.1-all/bzyivzo6n839fup2jbap0tjew/gradle-4.1/lib/plugins/gradle-dependency-management-4.1.jar
7fade00db000-7fade00de000 r--s 0000d000 00:36 2109926                    /home/aswany/.gradle/wrapper/dists/gradle-4.1-all/wrapper/dists/gradle-4.1-all/bzyivzo6n839fup2jbap0tjew/gradle-4.1/lib/plugins/gradle-workers-4.1.jar
7fade00de000-7fade00df000 r--s 00006000 00:36 2109834                    /home/aswany/.gradle/wrapper/dists/gradle-4.1-all/wrapper/dists/gradle-4.1-all/bzyivzo6n839fup2jbap0tjew/gradle-4.1/lib/gradle-wrapper-4.1.jar
7fade00df000-7fade00ec000 r--s 00043000 00:36 2109833                    /home/aswany/.gradle/wrapper/dists/gradle-4.1-all/wrapper/dists/gradle-4.1-all/bzyivzo6n839fup2jbap0tjew/gradle-4.1/lib/gradle-tooling-api-4.1.jar
7fade00ec000-7fade00fb000 r--s 000c8000 00:36 2109830                    /home/aswany/.gradle/wrapper/dists/gradle-4.1-all/wrapper/dists/gradle-4.1-all/bzyivzo6n839fup2jbap0tjew/gradle-4.1/lib/kotlin-stdlib-1.1.3-2.jar
7fade00fb000-7fade012d000 r--s 0021b000 00:36 2109829                    /home/aswany/.gradle/wrapper/dists/gradle-4.1-all/wrapper/dists/gradle-4.1-all/bzyivzo6n839fup2jbap0tjew/gradle-4.1/lib/kotlin-reflect-1.1.3-2.jar
7fade012d000-7fade012e000 r--s 00000000 00:36 2109827                    /home/aswany/.gradle/wrapper/dists/gradle-4.1-all/wrapper/dists/gradle-4.1-all/bzyivzo6n839fup2jbap0tjew/gradle-4.1/lib/gradle-kotlin-dsl-tooling-models-0.10.3.jar
7fade012e000-7fade012f000 r--s 00001000 00:36 2109825                    /home/aswany/.gradle/wrapper/dists/gradle-4.1-all/wrapper/dists/gradle-4.1-all/bzyivzo6n839fup2jbap0tjew/gradle-4.1/lib/gradle-kotlin-dsl-compiler-plugin-0.10.3.jar
7fade012f000-7fade0131000 r--s 00003000 00:36 2109823                    /home/aswany/.gradle/wrapper/dists/gradle-4.1-all/wrapper/dists/gradle-4.1-all/bzyivzo6n839fup2jbap0tjew/gradle-4.1/lib/annotations-13.0.jar
7fade0131000-7fade013b000 r--s 00073000 00:36 2109824                    /home/aswany/.gradle/wrapper/dists/gradle-4.1-all/wrapper/dists/gradle-4.1-all/bzyivzo6n839fup2jbap0tjew/gradle-4.1/lib/gradle-kotlin-dsl-0.10.3.jar
7fade013b000-7fade0140000 r--s 00013000 00:36 2109840                    /home/aswany/.gradle/wrapper/dists/gradle-4.1-all/wrapper/dists/gradle-4.1-all/bzyivzo6n839fup2jbap0tjew/gradle-4.1/lib/gradle-resources-4.1.jar
7fade0140000-7fade0142000 r--s 00005000 00:36 2109847                    /home/aswany/.gradle/wrapper/dists/gradle-4.1-all/wrapper/dists/gradle-4.1-all/bzyivzo6n839fup2jbap0tjew/gradle-4.1/lib/gradle-cli-4.1.jar
7fade0142000-7fade0144000 r--s 00003000 00:36 2109854                    /home/aswany/.gradle/wrapper/dists/gradle-4.1-all/wrapper/dists/gradle-4.1-all/bzyivzo6n839fup2jbap0tjew/gradle-4.1/lib/jcl-over-slf4j-1.7.10.jar
7fade0144000-7fade0145000 r--s 00005000 00:36 2109853                    /home/aswany/.gradle/wrapper/dists/gradle-4.1-all/wrapper/dists/gradle-4.1-all/bzyivzo6n839fup2jbap0tjew/gradle-4.1/lib/log4j-over-slf4j-1.7.10.jar
7fade0145000-7fade0147000 r--s 00000000 00:36 2109852                    /home/aswany/.gradle/wrapper/dists/gradle-4.1-all/wrapper/dists/gradle-4.1-all/bzyivzo6n839fup2jbap0tjew/gradle-4.1/lib/jul-to-slf4j-1.7.10.jar
7fade0147000-7fade014e000 r--s 0002c000 00:36 2109838                    /home/aswany/.gradle/wrapper/dists/gradle-4.1-all/wrapper/dists/gradle-4.1-all/bzyivzo6n839fup2jbap0tjew/gradle-4.1/lib/gradle-logging-4.1.jar
7fade014e000-7fade015e000 r--s 00082000 00:36 2109843                    /home/aswany/.gradle/wrapper/dists/gradle-4.1-all/wrapper/dists/gradle-4.1-all/bzyivzo6n839fup2jbap0tjew/gradle-4.1/lib/gradle-model-core-4.1.jar
7fade015e000-7fade0160000 r--s 00006000 00:36 2109844                    /home/aswany/.gradle/wrapper/dists/gradle-4.1-all/wrapper/dists/gradle-4.1-all/bzyivzo6n839fup2jbap0tjew/gradle-4.1/lib/gradle-base-services-groovy-4.1.jar
7fade0160000-7fade0162000 r--s 00007000 00:36 2109842                    /home/aswany/.gradle/wrapper/dists/gradle-4.1-all/wrapper/dists/gradle-4.1-all/bzyivzo6n839fup2jbap0tjew/gradle-4.1/lib/gradle-model-groovy-4.1.jar
7fade0162000-7fade0163000 r--s 00002000 00:36 2109865                    /home/aswany/.gradle/wrapper/dists/gradle-4.1-all/wrapper/dists/gradle-4.1-all/bzyivzo6n839fup2jbap0tjew/gradle-4.1/lib/gradle-docs-4.1.jar
7fade0163000-7fade0170000 r--s 00083000 00:36 2109863                    /home/aswany/.gradle/wrapper/dists/gradle-4.1-all/wrapper/dists/gradle-4.1-all/bzyivzo6n839fup2jbap0tjew/gradle-4.1/lib/commons-collections-3.2.2.jar
7fade0170000-7fade0171000 r--s 00000000 00:36 2109862                    /home/aswany/.gradle/wrapper/dists/gradle-4.1-all/wrapper/dists/gradle-4.1-all/bzyivzo6n839fup2jbap0tjew/gradle-4.1/lib/javax.inject-1.jar
7fade0171000-7fade01e1000 r--s 00645000 00:36 2109860                    /home/aswany/.gradle/wrapper/dists/gradle-4.1-all/wrapper/dists/gradle-4.1-all/bzyivzo6n839fup2jbap0tjew/gradle-4.1/lib/groovy-all-2.4.11.jar
7fade01e1000-7fade01e4000 r--s 00023000 00:36 2109866                    /home/aswany/.gradle/wrapper/dists/gradle-4.1-all/wrapper/dists/gradle-4.1-all/bzyivzo6n839fup2jbap0tjew/gradle-4.1/lib/jansi-1.14.jar
7fade01e4000-7fade01e5000 r--s 00004000 00:36 2109868                    /home/aswany/.gradle/wrapper/dists/gradle-4.1-all/wrapper/dists/gradle-4.1-all/bzyivzo6n839fup2jbap0tjew/gradle-4.1/lib/native-platform-freebsd-amd64-libcpp-0.14.jar
7fade01e5000-7fade01e6000 r--s 00004000 00:36 2109869                    /home/aswany/.gradle/wrapper/dists/gradle-4.1-all/wrapper/dists/gradle-4.1-all/bzyivzo6n839fup2jbap0tjew/gradle-4.1/lib/native-platform-freebsd-amd64-libstdcpp-0.14.jar
7fade01e6000-7fade01e7000 r--s 00004000 00:36 2109870                    /home/aswany/.gradle/wrapper/dists/gradle-4.1-all/wrapper/dists/gradle-4.1-all/bzyivzo6n839fup2jbap0tjew/gradle-4.1/lib/native-platform-freebsd-i386-libcpp-0.14.jar
7fade01e7000-7fade01e8000 r--s 00003000 00:36 2109871                    /home/aswany/.gradle/wrapper/dists/gradle-4.1-all/wrapper/dists/gradle-4.1-all/bzyivzo6n839fup2jbap0tjew/gradle-4.1/lib/native-platform-freebsd-i386-libstdcpp-0.14.jar
7fade01e8000-7fade01e9000 r--s 00002000 00:36 2109872                    /home/aswany/.gradle/wrapper/dists/gradle-4.1-all/wrapper/dists/gradle-4.1-all/bzyivzo6n839fup2jbap0tjew/gradle-4.1/lib/native-platform-linux-amd64-0.14.jar
7fade01e9000-7fade01ea000 r--s 00002000 00:36 2109873                    /home/aswany/.gradle/wrapper/dists/gradle-4.1-all/wrapper/dists/gradle-4.1-all/bzyivzo6n839fup2jbap0tjew/gradle-4.1/lib/native-platform-linux-i386-0.14.jar
7fade01ea000-7fade01ec000 r--s 00002000 00:36 2109874                    /home/aswany/.gradle/wrapper/dists/gradle-4.1-all/wrapper/dists/gradle-4.1-all/bzyivzo6n839fup2jbap0tjew/gradle-4.1/lib/native-platform-osx-amd64-0.14.jar
7fade01ec000-7fade01ed000 r--s 00003000 00:36 2109875                    /home/aswany/.gradle/wrapper/dists/gradle-4.1-all/wrapper/dists/gradle-4.1-all/bzyivzo6n839fup2jbap0tjew/gradle-4.1/lib/native-platform-osx-i386-0.14.jar
7fade01ed000-7fade01ef000 r--s 0000b000 00:36 2109876                    /home/aswany/.gradle/wrapper/dists/gradle-4.1-all/wrapper/dists/gradle-4.1-all/bzyivzo6n839fup2jbap0tjew/gradle-4.1/lib/native-platform-windows-amd64-0.14.jar
7fade01ef000-7fade01f0000 r--s 0000b000 00:36 2109877                    /home/aswany/.gradle/wrapper/dists/gradle-4.1-all/wrapper/dists/gradle-4.1-all/bzyivzo6n839fup2jbap0tjew/gradle-4.1/lib/native-platform-windows-i386-0.14.jar
7fade01f0000-7fade01f1000 r--s 00001000 00:36 2109878                    /home/aswany/.gradle/wrapper/dists/gradle-4.1-all/wrapper/dists/gradle-4.1-all/bzyivzo6n839fup2jbap0tjew/gradle-4.1/lib/native-platform-linux-amd64-ncurses5-0.14.jar
7fade01f1000-7fade01f2000 r--s 00001000 00:36 2109879                    /home/aswany/.gradle/wrapper/dists/gradle-4.1-all/wrapper/dists/gradle-4.1-all/bzyivzo6n839fup2jbap0tjew/gradle-4.1/lib/native-platform-linux-amd64-ncurses6-0.14.jar
7fade01f2000-7fade01f3000 r--s 00001000 00:36 2109880                    /home/aswany/.gradle/wrapper/dists/gradle-4.1-all/wrapper/dists/gradle-4.1-all/bzyivzo6n839fup2jbap0tjew/gradle-4.1/lib/native-platform-linux-i386-ncurses5-0.14.jar
7fade01f3000-7fade01f7000 r--s 00012000 00:36 2109864                    /home/aswany/.gradle/wrapper/dists/gradle-4.1-all/wrapper/dists/gradle-4.1-all/bzyivzo6n839fup2jbap0tjew/gradle-4.1/lib/native-platform-0.14.jar
7fade01f7000-7fade01fa000 r--s 0000c000 00:36 2109841                    /home/aswany/.gradle/wrapper/dists/gradle-4.1-all/wrapper/dists/gradle-4.1-all/bzyivzo6n839fup2jbap0tjew/gradle-4.1/lib/gradle-native-4.1.jar
7fade01fa000-7fade01fc000 r--s 0000f000 00:36 2109849                    /home/aswany/.gradle/wrapper/dists/gradle-4.1-all/wrapper/dists/gradle-4.1-all/bzyivzo6n839fup2jbap0tjew/gradle-4.1/lib/reflectasm-1.07-shaded.jar
7fade01fc000-7fade01fe000 r--s 00000000 00:36 2109882                    /home/aswany/.gradle/wrapper/dists/gradle-4.1-all/wrapper/dists/gradle-4.1-all/bzyivzo6n839fup2jbap0tjew/gradle-4.1/lib/minlog-1.2.jar
7fade01fe000-7fade0200000 r--s 00007000 00:36 2109883                    /home/aswany/.gradle/wrapper/dists/gradle-4.1-all/wrapper/dists/gradle-4.1-all/bzyivzo6n839fup2jbap0tjew/gradle-4.1/lib/objenesis-1.2.jar
7fade0200000-7fade0206000 r--s 0002b000 00:36 2109845                    /home/aswany/.gradle/wrapper/dists/gradle-4.1-all/wrapper/dists/gradle-4.1-all/bzyivzo6n839fup2jbap0tjew/gradle-4.1/lib/gradle-messaging-4.1.jar
7fade0206000-7fade0207000 ---p 00000000 00:00 0 
7fade0207000-7fade0307000 rw-p 00000000 00:00 0 
7fade0307000-7fade030a000 ---p 00000000 00:00 0 
7fade030a000-7fade0408000 rw-p 00000000 00:00 0 
7fade0408000-7fade040b000 ---p 00000000 00:00 0 
7fade040b000-7fade0509000 rw-p 00000000 00:00 0 
7fade0509000-7fade050c000 ---p 00000000 00:00 0 
7fade050c000-7fade060a000 rw-p 00000000 00:00 0 
7fade060a000-7fade060d000 ---p 00000000 00:00 0 
7fade060d000-7fade070b000 rw-p 00000000 00:00 0 
7fade070b000-7fade070e000 ---p 00000000 00:00 0 
7fade070e000-7fade080c000 rw-p 00000000 00:00 0 
7fade080c000-7fade0afb000 r--p 00000000 08:07 4849797                    /usr/lib/locale/locale-archive
7fade0afb000-7fade0afe000 ---p 00000000 00:00 0 
7fade0afe000-7fade0bfc000 rw-p 00000000 00:00 0 
7fade0bfc000-7fade0bff000 ---p 00000000 00:00 0 
7fade0bff000-7fade0cfd000 rw-p 00000000 00:00 0 
7fade0cfd000-7fade0cfe000 ---p 00000000 00:00 0 
7fade0cfe000-7fade1000000 rw-p 00000000 00:00 0 
7fade1000000-7fade20f0000 rwxp 00000000 00:00 0 
7fade20f0000-7fadf0000000 ---p 00000000 00:00 0 
7fadf0000000-7fadf0c9b000 rw-p 00000000 00:00 0 
7fadf0c9b000-7fadf4000000 ---p 00000000 00:00 0 
7fadf4000000-7fadf4001000 r--s 00001000 00:36 2109881                    /home/aswany/.gradle/wrapper/dists/gradle-4.1-all/wrapper/dists/gradle-4.1-all/bzyivzo6n839fup2jbap0tjew/gradle-4.1/lib/native-platform-linux-i386-ncurses6-0.14.jar
7fadf4001000-7fadf4005000 r--s 00026000 00:36 2109848                    /home/aswany/.gradle/wrapper/dists/gradle-4.1-all/wrapper/dists/gradle-4.1-all/bzyivzo6n839fup2jbap0tjew/gradle-4.1/lib/kryo-2.20.jar
7fadf4005000-7fadf4007000 r--s 00006000 00:36 2109839                    /home/aswany/.gradle/wrapper/dists/gradle-4.1-all/wrapper/dists/gradle-4.1-all/bzyivzo6n839fup2jbap0tjew/gradle-4.1/lib/gradle-process-services-4.1.jar
7fadf4007000-7fadf4009000 r--s 00000000 00:36 2109837                    /home/aswany/.gradle/wrapper/dists/gradle-4.1-all/wrapper/dists/gradle-4.1-all/bzyivzo6n839fup2jbap0tjew/gradle-4.1/lib/gradle-jvm-services-4.1.jar
7fadf4009000-7fadf4031000 r--s 001cf000 00:36 2109856                    /home/aswany/.gradle/wrapper/dists/gradle-4.1-all/wrapper/dists/gradle-4.1-all/bzyivzo6n839fup2jbap0tjew/gradle-4.1/lib/guava-jdk5-17.0.jar
7fadf4031000-7fadf4050000 r--s 001d1000 00:36 2109861                    /home/aswany/.gradle/wrapper/dists/gradle-4.1-all/wrapper/dists/gradle-4.1-all/bzyivzo6n839fup2jbap0tjew/gradle-4.1/lib/ant-1.9.6.jar
7fadf4050000-7fadf409a000 r--s 00253000 00:36 2109836                    /home/aswany/.gradle/wrapper/dists/gradle-4.1-all/wrapper/dists/gradle-4.1-all/bzyivzo6n839fup2jbap0tjew/gradle-4.1/lib/gradle-core-4.1.jar
7fadf409a000-7fadf4e79000 rw-p 00000000 00:00 0 
7fadf4e79000-7fadf5049000 r--s 03c46000 08:07 3154745                    /opt/android-studio/jre/jre/lib/rt.jar
7fadf5049000-7fadf5bbf000 rw-p 00000000 00:00 0 
7fadf5bbf000-7fadf5bc0000 ---p 00000000 00:00 0 
7fadf5bc0000-7fadf5cc0000 rw-p 00000000 00:00 0 
7fadf5cc0000-7fadf5cc1000 ---p 00000000 00:00 0 
7fadf5cc1000-7fadf5dc1000 rw-p 00000000 00:00 0 
7fadf5dc1000-7fadf5dc2000 ---p 00000000 00:00 0 
7fadf5dc2000-7fadf5ec2000 rw-p 00000000 00:00 0 
7fadf5ec2000-7fadf5ec3000 ---p 00000000 00:00 0 
7fadf5ec3000-7fadf5fea000 rw-p 00000000 00:00 0 
7fadf5fea000-7fadf61c3000 ---p 00000000 00:00 0 
7fadf61c3000-7fadf61ea000 rw-p 00000000 00:00 0 
7fadf61ea000-7fadf63c3000 ---p 00000000 00:00 0 
7fadf63c3000-7fadf6436000 rw-p 00000000 00:00 0 
7fadf6436000-7fadf64c3000 ---p 00000000 00:00 0 
7fadf64c3000-7fadf6508000 rw-p 00000000 00:00 0 
7fadf6508000-7fadf6884000 ---p 00000000 00:00 0 
7fadf6884000-7fadf689e000 r-xp 00000000 08:07 3154807                    /opt/android-studio/jre/jre/lib/amd64/libzip.so
7fadf689e000-7fadf6a9e000 ---p 0001a000 08:07 3154807                    /opt/android-studio/jre/jre/lib/amd64/libzip.so
7fadf6a9e000-7fadf6a9f000 r--p 0001a000 08:07 3154807                    /opt/android-studio/jre/jre/lib/amd64/libzip.so
7fadf6a9f000-7fadf6aa0000 rw-p 0001b000 08:07 3154807                    /opt/android-studio/jre/jre/lib/amd64/libzip.so
7fadf6aa0000-7fadf6aab000 r-xp 00000000 08:07 5113508                    /lib/x86_64-linux-gnu/libnss_files-2.26.so
7fadf6aab000-7fadf6caa000 ---p 0000b000 08:07 5113508                    /lib/x86_64-linux-gnu/libnss_files-2.26.so
7fadf6caa000-7fadf6cab000 r--p 0000a000 08:07 5113508                    /lib/x86_64-linux-gnu/libnss_files-2.26.so
7fadf6cab000-7fadf6cac000 rw-p 0000b000 08:07 5113508                    /lib/x86_64-linux-gnu/libnss_files-2.26.so
7fadf6cac000-7fadf6cb2000 rw-p 00000000 00:00 0 
7fadf6cb2000-7fadf6cbd000 r-xp 00000000 08:07 5113512                    /lib/x86_64-linux-gnu/libnss_nis-2.26.so
7fadf6cbd000-7fadf6ebc000 ---p 0000b000 08:07 5113512                    /lib/x86_64-linux-gnu/libnss_nis-2.26.so
7fadf6ebc000-7fadf6ebd000 r--p 0000a000 08:07 5113512                    /lib/x86_64-linux-gnu/libnss_nis-2.26.so
7fadf6ebd000-7fadf6ebe000 rw-p 0000b000 08:07 5113512                    /lib/x86_64-linux-gnu/libnss_nis-2.26.so
7fadf6ebe000-7fadf6ed5000 r-xp 00000000 08:07 5113502                    /lib/x86_64-linux-gnu/libnsl-2.26.so
7fadf6ed5000-7fadf70d4000 ---p 00017000 08:07 5113502                    /lib/x86_64-linux-gnu/libnsl-2.26.so
7fadf70d4000-7fadf70d5000 r--p 00016000 08:07 5113502                    /lib/x86_64-linux-gnu/libnsl-2.26.so
7fadf70d5000-7fadf70d6000 rw-p 00017000 08:07 5113502                    /lib/x86_64-linux-gnu/libnsl-2.26.so
7fadf70d6000-7fadf70d8000 rw-p 00000000 00:00 0 
7fadf70d8000-7fadf70e0000 r-xp 00000000 08:07 5113504                    /lib/x86_64-linux-gnu/libnss_compat-2.26.so
7fadf70e0000-7fadf72df000 ---p 00008000 08:07 5113504                    /lib/x86_64-linux-gnu/libnss_compat-2.26.so
7fadf72df000-7fadf72e0000 r--p 00007000 08:07 5113504                    /lib/x86_64-linux-gnu/libnss_compat-2.26.so
7fadf72e0000-7fadf72e1000 rw-p 00008000 08:07 5113504                    /lib/x86_64-linux-gnu/libnss_compat-2.26.so
7fadf72e1000-7fadf730e000 r-xp 00000000 08:07 3154787                    /opt/android-studio/jre/jre/lib/amd64/libjava.so
7fadf730e000-7fadf750d000 ---p 0002d000 08:07 3154787                    /opt/android-studio/jre/jre/lib/amd64/libjava.so
7fadf750d000-7fadf750e000 r--p 0002c000 08:07 3154787                    /opt/android-studio/jre/jre/lib/amd64/libjava.so
7fadf750e000-7fadf7510000 rw-p 0002d000 08:07 3154787                    /opt/android-studio/jre/jre/lib/amd64/libjava.so
7fadf7510000-7fadf7520000 r-xp 00000000 08:07 3154819                    /opt/android-studio/jre/jre/lib/amd64/libverify.so
7fadf7520000-7fadf771f000 ---p 00010000 08:07 3154819                    /opt/android-studio/jre/jre/lib/amd64/libverify.so
7fadf771f000-7fadf7721000 r--p 0000f000 08:07 3154819                    /opt/android-studio/jre/jre/lib/amd64/libverify.so
7fadf7721000-7fadf7722000 rw-p 00011000 08:07 3154819                    /opt/android-studio/jre/jre/lib/amd64/libverify.so
7fadf7722000-7fadf7729000 r-xp 00000000 08:07 5113545                    /lib/x86_64-linux-gnu/librt-2.26.so
7fadf7729000-7fadf7928000 ---p 00007000 08:07 5113545                    /lib/x86_64-linux-gnu/librt-2.26.so
7fadf7928000-7fadf7929000 r--p 00006000 08:07 5113545                    /lib/x86_64-linux-gnu/librt-2.26.so
7fadf7929000-7fadf792a000 rw-p 00007000 08:07 5113545                    /lib/x86_64-linux-gnu/librt-2.26.so
7fadf792a000-7fadf7a7f000 r-xp 00000000 08:07 5113496                    /lib/x86_64-linux-gnu/libm-2.26.so
7fadf7a7f000-7fadf7c7e000 ---p 00155000 08:07 5113496                    /lib/x86_64-linux-gnu/libm-2.26.so
7fadf7c7e000-7fadf7c7f000 r--p 00154000 08:07 5113496                    /lib/x86_64-linux-gnu/libm-2.26.so
7fadf7c7f000-7fadf7c80000 rw-p 00155000 08:07 5113496                    /lib/x86_64-linux-gnu/libm-2.26.so
7fadf7c80000-7fadf8878000 r-xp 00000000 08:07 3154806                    /opt/android-studio/jre/jre/lib/amd64/server/libjvm.so
7fadf8878000-7fadf8a78000 ---p 00bf8000 08:07 3154806                    /opt/android-studio/jre/jre/lib/amd64/server/libjvm.so
7fadf8a78000-7fadf8b17000 r--p 00bf8000 08:07 3154806                    /opt/android-studio/jre/jre/lib/amd64/server/libjvm.so
7fadf8b17000-7fadf8b40000 rw-p 00c97000 08:07 3154806                    /opt/android-studio/jre/jre/lib/amd64/server/libjvm.so
7fadf8b40000-7fadf8b84000 rw-p 00000000 00:00 0 
7fadf8b84000-7fadf8b9e000 r-xp 00000000 08:07 5113518                    /lib/x86_64-linux-gnu/libpthread-2.26.so
7fadf8b9e000-7fadf8d9d000 ---p 0001a000 08:07 5113518                    /lib/x86_64-linux-gnu/libpthread-2.26.so
7fadf8d9d000-7fadf8d9e000 r--p 00019000 08:07 5113518                    /lib/x86_64-linux-gnu/libpthread-2.26.so
7fadf8d9e000-7fadf8d9f000 rw-p 0001a000 08:07 5113518                    /lib/x86_64-linux-gnu/libpthread-2.26.so
7fadf8d9f000-7fadf8da3000 rw-p 00000000 00:00 0 
7fadf8da3000-7fadf8da6000 r-xp 00000000 08:07 5113494                    /lib/x86_64-linux-gnu/libdl-2.26.so
7fadf8da6000-7fadf8fa5000 ---p 00003000 08:07 5113494                    /lib/x86_64-linux-gnu/libdl-2.26.so
7fadf8fa5000-7fadf8fa6000 r--p 00002000 08:07 5113494                    /lib/x86_64-linux-gnu/libdl-2.26.so
7fadf8fa6000-7fadf8fa7000 rw-p 00003000 08:07 5113494                    /lib/x86_64-linux-gnu/libdl-2.26.so
7fadf8fa7000-7fadf917d000 r-xp 00000000 08:07 5113488                    /lib/x86_64-linux-gnu/libc-2.26.so
7fadf917d000-7fadf937d000 ---p 001d6000 08:07 5113488                    /lib/x86_64-linux-gnu/libc-2.26.so
7fadf937d000-7fadf9381000 r--p 001d6000 08:07 5113488                    /lib/x86_64-linux-gnu/libc-2.26.so
7fadf9381000-7fadf9383000 rw-p 001da000 08:07 5113488                    /lib/x86_64-linux-gnu/libc-2.26.so
7fadf9383000-7fadf9387000 rw-p 00000000 00:00 0 
7fadf9387000-7fadf939d000 r-xp 00000000 08:07 3154708                    /opt/android-studio/jre/lib/amd64/jli/libjli.so
7fadf939d000-7fadf959c000 ---p 00016000 08:07 3154708                    /opt/android-studio/jre/lib/amd64/jli/libjli.so
7fadf959c000-7fadf959d000 r--p 00015000 08:07 3154708                    /opt/android-studio/jre/lib/amd64/jli/libjli.so
7fadf959d000-7fadf959e000 rw-p 00016000 08:07 3154708                    /opt/android-studio/jre/lib/amd64/jli/libjli.so
7fadf959e000-7fadf95c5000 r-xp 00000000 08:07 5113480                    /lib/x86_64-linux-gnu/ld-2.26.so
7fadf95c5000-7fadf95c6000 r--s 00000000 00:36 2109859                    /home/aswany/.gradle/wrapper/dists/gradle-4.1-all/wrapper/dists/gradle-4.1-all/bzyivzo6n839fup2jbap0tjew/gradle-4.1/lib/jcip-annotations-1.0.jar
7fadf95c6000-7fadf95cb000 r--s 00041000 00:36 2109858                    /home/aswany/.gradle/wrapper/dists/gradle-4.1-all/wrapper/dists/gradle-4.1-all/bzyivzo6n839fup2jbap0tjew/gradle-4.1/lib/commons-lang-2.6.jar
7fadf95cb000-7fadf95ce000 r--s 00006000 00:36 2109857                    /home/aswany/.gradle/wrapper/dists/gradle-4.1-all/wrapper/dists/gradle-4.1-all/bzyivzo6n839fup2jbap0tjew/gradle-4.1/lib/jsr305-1.3.9.jar
7fadf95ce000-7fadf95cf000 r--s 00007000 00:36 2109855                    /home/aswany/.gradle/wrapper/dists/gradle-4.1-all/wrapper/dists/gradle-4.1-all/bzyivzo6n839fup2jbap0tjew/gradle-4.1/lib/slf4j-api-1.7.10.jar
7fadf95cf000-7fadf95d3000 r--s 00027000 00:36 2109851                    /home/aswany/.gradle/wrapper/dists/gradle-4.1-all/wrapper/dists/gradle-4.1-all/bzyivzo6n839fup2jbap0tjew/gradle-4.1/lib/commons-io-2.2.jar
7fadf95d3000-7fadf95db000 r--s 000bd000 00:36 2109850                    /home/aswany/.gradle/wrapper/dists/gradle-4.1-all/wrapper/dists/gradle-4.1-all/bzyivzo6n839fup2jbap0tjew/gradle-4.1/lib/asm-debug-all-6.0_ALPHA.jar
7fadf95db000-7fadf969d000 rw-p 00000000 00:00 0 
7fadf969d000-7fadf96a0000 ---p 00000000 00:00 0 
7fadf96a0000-7fadf97a0000 rw-p 00000000 00:00 0 
7fadf97a0000-7fadf97a1000 r--s 00004000 00:36 2109867                    /home/aswany/.gradle/wrapper/dists/gradle-4.1-all/wrapper/dists/gradle-4.1-all/bzyivzo6n839fup2jbap0tjew/gradle-4.1/lib/ant-launcher-1.9.6.jar
7fadf97a1000-7fadf97ad000 r--s 00053000 00:36 2109846                    /home/aswany/.gradle/wrapper/dists/gradle-4.1-all/wrapper/dists/gradle-4.1-all/bzyivzo6n839fup2jbap0tjew/gradle-4.1/lib/gradle-base-services-4.1.jar
7fadf97ad000-7fadf97b9000 r--s 0005c000 00:36 2109831                    /home/aswany/.gradle/wrapper/dists/gradle-4.1-all/wrapper/dists/gradle-4.1-all/bzyivzo6n839fup2jbap0tjew/gradle-4.1/lib/gradle-launcher-4.1.jar
7fadf97b9000-7fadf97c1000 rw-s 00000000 08:07 5770473                    /tmp/hsperfdata_aswany/17183
7fadf97c1000-7fadf97c2000 rw-p 00000000 00:00 0 
7fadf97c2000-7fadf97c3000 ---p 00000000 00:00 0 
7fadf97c3000-7fadf97c5000 rw-p 00000000 00:00 0 
7fadf97c5000-7fadf97c6000 r--p 00027000 08:07 5113480                    /lib/x86_64-linux-gnu/ld-2.26.so
7fadf97c6000-7fadf97c7000 rw-p 00028000 08:07 5113480                    /lib/x86_64-linux-gnu/ld-2.26.so
7fadf97c7000-7fadf97c8000 rw-p 00000000 00:00 0 
7ffe845dd000-7ffe845fe000 rw-p 00000000 00:00 0                          [stack]
7ffe84745000-7ffe84748000 r--p 00000000 00:00 0                          [vvar]
7ffe84748000-7ffe8474a000 r-xp 00000000 00:00 0                          [vdso]
ffffffffff600000-ffffffffff601000 r-xp 00000000 00:00 0                  [vsyscall]

VM Arguments:
jvm_args: -Xmx1536m -Dfile.encoding=UTF-8 -Duser.country=US -Duser.language=en -Duser.variant 
java_command: org.gradle.launcher.daemon.bootstrap.GradleDaemon 4.1
java_class_path (initial): /home/aswany/.gradle/wrapper/dists/gradle-4.1-all/wrapper/dists/gradle-4.1-all/bzyivzo6n839fup2jbap0tjew/gradle-4.1/lib/gradle-launcher-4.1.jar
Launcher Type: SUN_STANDARD

Environment Variables:
JAVA_HOME=/usr/lib/jvm/java-8-oracle
PATH=/usr/local/sbin:/usr/local/bin:/usr/sbin:/usr/bin:/sbin:/bin:/usr/games:/usr/local/games:/snap/bin:/usr/lib/jvm/java-8-oracle/bin:/usr/lib/jvm/java-8-oracle/db/bin:/usr/lib/jvm/java-8-oracle/jre/bin
USERNAME=aswany
LD_LIBRARY_PATH=/opt/android-studio/bin:
SHELL=/bin/bash
DISPLAY=:0

Signal Handlers:
SIGSEGV: [libjvm.so+0x9ebc60], sa_mask[0]=11111111011111111101111111111110, sa_flags=SA_RESTART|SA_SIGINFO
SIGBUS: [libjvm.so+0x9ebc60], sa_mask[0]=11111111011111111101111111111110, sa_flags=SA_RESTART|SA_SIGINFO
SIGFPE: [libjvm.so+0x84cf60], sa_mask[0]=11111111011111111101111111111110, sa_flags=SA_RESTART|SA_SIGINFO
SIGPIPE: [libjvm.so+0x84cf60], sa_mask[0]=11111111011111111101111111111110, sa_flags=SA_RESTART|SA_SIGINFO
SIGXFSZ: [libjvm.so+0x84cf60], sa_mask[0]=11111111011111111101111111111110, sa_flags=SA_RESTART|SA_SIGINFO
SIGILL: [libjvm.so+0x84cf60], sa_mask[0]=11111111011111111101111111111110, sa_flags=SA_RESTART|SA_SIGINFO
SIGUSR1: SIG_DFL, sa_mask[0]=00000000000000000000000000000000, sa_flags=none
SIGUSR2: [libjvm.so+0x84ce30], sa_mask[0]=00100000000000000000000000000000, sa_flags=SA_RESTART|SA_SIGINFO
SIGHUP: [libjvm.so+0x84d020], sa_mask[0]=11111111011111111101111111111110, sa_flags=SA_RESTART|SA_SIGINFO
SIGINT: [libjvm.so+0x84d020], sa_mask[0]=11111111011111111101111111111110, sa_flags=SA_RESTART|SA_SIGINFO
SIGTERM: [libjvm.so+0x84d020], sa_mask[0]=11111111011111111101111111111110, sa_flags=SA_RESTART|SA_SIGINFO
SIGQUIT: [libjvm.so+0x84d020], sa_mask[0]=11111111011111111101111111111110, sa_flags=SA_RESTART|SA_SIGINFO


---------------  S Y S T E M  ---------------

OS:DISTRIB_ID=Ubuntu
DISTRIB_RELEASE=17.10
DISTRIB_CODENAME=artful
DISTRIB_DESCRIPTION="Ubuntu 17.10"

uname:Linux 4.13.0-46-generic #51-Ubuntu SMP Tue Jun 12 12:36:29 UTC 2018 x86_64
libc:glibc 2.26 NPTL 2.26 
rlimit: STACK 8192k, CORE 0k, NPROC 31276, NOFILE 1048576, AS infinity
load average:21.58 9.54 4.18

/proc/meminfo:
MemTotal:        8062352 kB
MemFree:          109068 kB
MemAvailable:      19712 kB
Buffers:            4620 kB
Cached:           609564 kB
SwapCached:            0 kB
Active:          7057488 kB
Inactive:         590032 kB
Active(anon):    7035256 kB
Inactive(anon):   567712 kB
Active(file):      22232 kB
Inactive(file):    22320 kB
Unevictable:          16 kB
Mlocked:              16 kB
SwapTotal:             0 kB
SwapFree:              0 kB
Dirty:               140 kB
Writeback:           216 kB
AnonPages:       7033576 kB
Mapped:           217296 kB
Shmem:            569408 kB
Slab:             131960 kB
SReclaimable:      54592 kB
SUnreclaim:        77368 kB
KernelStack:       18096 kB
PageTables:        82220 kB
NFS_Unstable:          0 kB
Bounce:                0 kB
WritebackTmp:          0 kB
CommitLimit:     4031176 kB
Committed_AS:   16489140 kB
VmallocTotal:   34359738367 kB
VmallocUsed:           0 kB
VmallocChunk:          0 kB
HardwareCorrupted:     0 kB
AnonHugePages:         0 kB
ShmemHugePages:        0 kB
ShmemPmdMapped:        0 kB
CmaTotal:              0 kB
CmaFree:               0 kB
HugePages_Total:       0
HugePages_Free:        0
HugePages_Rsvd:        0
HugePages_Surp:        0
Hugepagesize:       2048 kB
DirectMap4k:      260864 kB
DirectMap2M:     8022016 kB
DirectMap1G:     1048576 kB


CPU:total 4 (initial active 4) (2 cores per cpu, 2 threads per core) family 6 model 69 stepping 1, cmov, cx8, fxsr, mmx, sse, sse2, sse3, ssse3, sse4.1, sse4.2, popcnt, avx, avx2, aes, clmul, erms, lzcnt, ht, tsc, tscinvbit, bmi1, bmi2

/proc/cpuinfo:
processor	: 0
vendor_id	: GenuineIntel
cpu family	: 6
model		: 69
model name	: Intel(R) Core(TM) i7-4510U CPU @ 2.00GHz
stepping	: 1
microcode	: 0x23
cpu MHz		: 2139.506
cache size	: 4096 KB
physical id	: 0
siblings	: 4
core id		: 0
cpu cores	: 2
apicid		: 0
initial apicid	: 0
fpu		: yes
fpu_exception	: yes
cpuid level	: 13
wp		: yes
flags		: fpu vme de pse tsc msr pae mce cx8 apic sep mtrr pge mca cmov pat pse36 clflush dts acpi mmx fxsr sse sse2 ss ht tm pbe syscall nx pdpe1gb rdtscp lm constant_tsc arch_perfmon pebs bts rep_good nopl xtopology nonstop_tsc cpuid aperfmperf pni pclmulqdq dtes64 monitor ds_cpl vmx est tm2 ssse3 sdbg fma cx16 xtpr pdcm pcid sse4_1 sse4_2 movbe popcnt tsc_deadline_timer aes xsave avx f16c rdrand lahf_lm abm cpuid_fault epb invpcid_single pti retpoline spec_ctrl tpr_shadow vnmi flexpriority ept vpid fsgsbase tsc_adjust bmi1 avx2 smep bmi2 erms invpcid xsaveopt dtherm ida arat pln pts
bugs		: cpu_meltdown spectre_v1 spectre_v2 spec_store_bypass
bogomips	: 5187.48
clflush size	: 64
cache_alignment	: 64
address sizes	: 39 bits physical, 48 bits virtual
power management:

processor	: 1
vendor_id	: GenuineIntel
cpu family	: 6
model		: 69
model name	: Intel(R) Core(TM) i7-4510U CPU @ 2.00GHz
stepping	: 1
microcode	: 0x23
cpu MHz		: 2037.453
cache size	: 4096 KB
physical id	: 0
siblings	: 4
core id		: 0
cpu cores	: 2
apicid		: 1
initial apicid	: 1
fpu		: yes
fpu_exception	: yes
cpuid level	: 13
wp		: yes
flags		: fpu vme de pse tsc msr pae mce cx8 apic sep mtrr pge mca cmov pat pse36 clflush dts acpi mmx fxsr sse sse2 ss ht tm pbe syscall nx pdpe1gb rdtscp lm constant_tsc arch_perfmon pebs bts rep_good nopl xtopology nonstop_tsc cpuid aperfmperf pni pclmulqdq dtes64 monitor ds_cpl vmx est tm2 ssse3 sdbg fma cx16 xtpr pdcm pcid sse4_1 sse4_2 movbe popcnt tsc_deadline_timer aes xsave avx f16c rdrand lahf_lm abm cpuid_fault epb invpcid_single pti retpoline spec_ctrl tpr_shadow vnmi flexpriority ept vpid fsgsbase tsc_adjust bmi1 avx2 smep bmi2 erms invpcid xsaveopt dtherm ida arat pln pts
bugs		: cpu_meltdown spectre_v1 spectre_v2 spec_store_bypass
bogomips	: 5187.48
clflush size	: 64
cache_alignment	: 64
address sizes	: 39 bits physical, 48 bits virtual
power management:

processor	: 2
vendor_id	: GenuineIntel
cpu family	: 6
model		: 69
model name	: Intel(R) Core(TM) i7-4510U CPU @ 2.00GHz
stepping	: 1
microcode	: 0x23
cpu MHz		: 2082.343
cache size	: 4096 KB
physical id	: 0
siblings	: 4
core id		: 1
cpu cores	: 2
apicid		: 2
initial apicid	: 2
fpu		: yes
fpu_exception	: yes
cpuid level	: 13
wp		: yes
flags		: fpu vme de pse tsc msr pae mce cx8 apic sep mtrr pge mca cmov pat pse36 clflush dts acpi mmx fxsr sse sse2 ss ht tm pbe syscall nx pdpe1gb rdtscp lm constant_tsc arch_perfmon pebs bts rep_good nopl xtopology nonstop_tsc cpuid aperfmperf pni pclmulqdq dtes64 monitor ds_cpl vmx est tm2 ssse3 sdbg fma cx16 xtpr pdcm pcid sse4_1 sse4_2 movbe popcnt tsc_deadline_timer aes xsave avx f16c rdrand lahf_lm abm cpuid_fault epb invpcid_single pti retpoline spec_ctrl tpr_shadow vnmi flexpriority ept vpid fsgsbase tsc_adjust bmi1 avx2 smep bmi2 erms invpcid xsaveopt dtherm ida arat pln pts
bugs		: cpu_meltdown spectre_v1 spectre_v2 spec_store_bypass
bogomips	: 5187.48
clflush size	: 64
cache_alignment	: 64
address sizes	: 39 bits physical, 48 bits virtual
power management:

processor	: 3
vendor_id	: GenuineIntel
cpu family	: 6
model		: 69
model name	: Intel(R) Core(TM) i7-4510U CPU @ 2.00GHz
stepping	: 1
microcode	: 0x23
cpu MHz		: 2229.686
cache size	: 4096 KB
physical id	: 0
siblings	: 4
core id		: 1
cpu cores	: 2
apicid		: 3
initial apicid	: 3
fpu		: yes
fpu_exception	: yes
cpuid level	: 13
wp		: yes
flags		: fpu vme de pse tsc msr pae mce cx8 apic sep mtrr pge mca cmov pat pse36 clflush dts acpi mmx fxsr sse sse2 ss ht tm pbe syscall nx pdpe1gb rdtscp lm constant_tsc arch_perfmon pebs bts rep_good nopl xtopology nonstop_tsc cpuid aperfmperf pni pclmulqdq dtes64 monitor ds_cpl vmx est tm2 ssse3 sdbg fma cx16 xtpr pdcm pcid sse4_1 sse4_2 movbe popcnt tsc_deadline_timer aes xsave avx f16c rdrand lahf_lm abm cpuid_fault epb invpcid_single pti retpoline spec_ctrl tpr_shadow vnmi flexpriority ept vpid fsgsbase tsc_adjust bmi1 avx2 smep bmi2 erms invpcid xsaveopt dtherm ida arat pln pts
bugs		: cpu_meltdown spectre_v1 spectre_v2 spec_store_bypass
bogomips	: 5187.48
clflush size	: 64
cache_alignment	: 64
address sizes	: 39 bits physical, 48 bits virtual
power management:



Memory: 4k page, physical 8062352k(108448k free), swap 0k(0k free)

vm_info: OpenJDK 64-Bit Server VM (25.152-b01) for linux-amd64 JRE (1.8.0_152-release-915-b01), built by "builder" with gcc 4.8.4

time: Sat Jan 19 00:27:21 2019
elapsed time: 140 seconds (0d 0h 2m 20s)

